{"G:\\HermesProjects\\baigui-web\\server\\bridge.ts": {"path":"G:\\HermesProjects\\baigui-web\\server\\bridge.ts","all":true,"statementMap":{"0":{"start":{"line":1,"column":0},"end":{"line":1,"column":3}},"29":{"start":{"line":30,"column":0},"end":{"line":30,"column":81}},"30":{"start":{"line":31,"column":0},"end":{"line":31,"column":30}},"33":{"start":{"line":34,"column":0},"end":{"line":34,"column":36}},"35":{"start":{"line":36,"column":0},"end":{"line":36,"column":60}},"36":{"start":{"line":37,"column":0},"end":{"line":37,"column":43}},"37":{"start":{"line":38,"column":0},"end":{"line":38,"column":32}},"38":{"start":{"line":39,"column":0},"end":{"line":39,"column":42}},"39":{"start":{"line":40,"column":0},"end":{"line":40,"column":25}},"40":{"start":{"line":41,"column":0},"end":{"line":41,"column":57}},"41":{"start":{"line":42,"column":0},"end":{"line":42,"column":35}},"42":{"start":{"line":43,"column":0},"end":{"line":43,"column":39}},"43":{"start":{"line":44,"column":0},"end":{"line":44,"column":34}},"44":{"start":{"line":45,"column":0},"end":{"line":45,"column":7}},"45":{"start":{"line":46,"column":0},"end":{"line":46,"column":28}},"46":{"start":{"line":47,"column":0},"end":{"line":47,"column":5}},"47":{"start":{"line":48,"column":0},"end":{"line":48,"column":1}},"49":{"start":{"line":50,"column":0},"end":{"line":50,"column":106}},"50":{"start":{"line":51,"column":0},"end":{"line":51,"column":25}},"51":{"start":{"line":52,"column":0},"end":{"line":52,"column":32}},"52":{"start":{"line":53,"column":0},"end":{"line":53,"column":39}},"53":{"start":{"line":54,"column":0},"end":{"line":54,"column":55}},"54":{"start":{"line":55,"column":0},"end":{"line":55,"column":51}},"55":{"start":{"line":56,"column":0},"end":{"line":56,"column":5}},"56":{"start":{"line":57,"column":0},"end":{"line":57,"column":46}},"57":{"start":{"line":58,"column":0},"end":{"line":58,"column":37}},"58":{"start":{"line":59,"column":0},"end":{"line":59,"column":1}},"61":{"start":{"line":62,"column":0},"end":{"line":62,"column":102}},"62":{"start":{"line":63,"column":0},"end":{"line":63,"column":37}},"63":{"start":{"line":64,"column":0},"end":{"line":64,"column":26}},"64":{"start":{"line":65,"column":0},"end":{"line":65,"column":78}},"65":{"start":{"line":66,"column":0},"end":{"line":66,"column":39}},"66":{"start":{"line":67,"column":0},"end":{"line":67,"column":28}},"67":{"start":{"line":68,"column":0},"end":{"line":68,"column":38}},"68":{"start":{"line":69,"column":0},"end":{"line":69,"column":38}},"69":{"start":{"line":70,"column":0},"end":{"line":70,"column":42}},"70":{"start":{"line":71,"column":0},"end":{"line":71,"column":23}},"71":{"start":{"line":72,"column":0},"end":{"line":72,"column":19}},"72":{"start":{"line":73,"column":0},"end":{"line":73,"column":18}},"73":{"start":{"line":74,"column":0},"end":{"line":74,"column":5}},"74":{"start":{"line":75,"column":0},"end":{"line":75,"column":3}},"75":{"start":{"line":76,"column":0},"end":{"line":76,"column":16}},"76":{"start":{"line":77,"column":0},"end":{"line":77,"column":1}},"79":{"start":{"line":80,"column":0},"end":{"line":80,"column":101}},"80":{"start":{"line":81,"column":0},"end":{"line":81,"column":37}},"81":{"start":{"line":82,"column":0},"end":{"line":82,"column":26}},"82":{"start":{"line":83,"column":0},"end":{"line":83,"column":78}},"83":{"start":{"line":84,"column":0},"end":{"line":84,"column":36}},"84":{"start":{"line":85,"column":0},"end":{"line":85,"column":38}},"85":{"start":{"line":86,"column":0},"end":{"line":86,"column":38}},"86":{"start":{"line":87,"column":0},"end":{"line":87,"column":42}},"87":{"start":{"line":88,"column":0},"end":{"line":88,"column":23}},"88":{"start":{"line":89,"column":0},"end":{"line":89,"column":19}},"89":{"start":{"line":90,"column":0},"end":{"line":90,"column":18}},"90":{"start":{"line":91,"column":0},"end":{"line":91,"column":5}},"91":{"start":{"line":92,"column":0},"end":{"line":92,"column":3}},"92":{"start":{"line":93,"column":0},"end":{"line":93,"column":16}},"93":{"start":{"line":94,"column":0},"end":{"line":94,"column":1}},"102":{"start":{"line":103,"column":0},"end":{"line":103,"column":26}},"103":{"start":{"line":104,"column":0},"end":{"line":104,"column":19}},"104":{"start":{"line":105,"column":0},"end":{"line":105,"column":19}},"105":{"start":{"line":106,"column":0},"end":{"line":106,"column":40}},"106":{"start":{"line":107,"column":0},"end":{"line":107,"column":18}},"107":{"start":{"line":108,"column":0},"end":{"line":108,"column":32}},"108":{"start":{"line":109,"column":0},"end":{"line":109,"column":25}},"110":{"start":{"line":111,"column":0},"end":{"line":111,"column":21}},"111":{"start":{"line":112,"column":0},"end":{"line":112,"column":16}},"112":{"start":{"line":113,"column":0},"end":{"line":113,"column":76}},"113":{"start":{"line":114,"column":0},"end":{"line":114,"column":16}},"114":{"start":{"line":115,"column":0},"end":{"line":115,"column":75}},"115":{"start":{"line":116,"column":0},"end":{"line":116,"column":16}},"116":{"start":{"line":117,"column":0},"end":{"line":117,"column":76}},"117":{"start":{"line":118,"column":0},"end":{"line":118,"column":16}},"118":{"start":{"line":119,"column":0},"end":{"line":119,"column":75}},"119":{"start":{"line":120,"column":0},"end":{"line":120,"column":13}},"121":{"start":{"line":122,"column":0},"end":{"line":122,"column":56}},"122":{"start":{"line":123,"column":0},"end":{"line":123,"column":33}},"123":{"start":{"line":124,"column":0},"end":{"line":124,"column":73}},"124":{"start":{"line":125,"column":0},"end":{"line":125,"column":5}},"125":{"start":{"line":126,"column":0},"end":{"line":126,"column":13}},"127":{"start":{"line":128,"column":0},"end":{"line":128,"column":53}},"128":{"start":{"line":129,"column":0},"end":{"line":129,"column":31}},"129":{"start":{"line":130,"column":0},"end":{"line":130,"column":71}},"130":{"start":{"line":131,"column":0},"end":{"line":131,"column":5}},"131":{"start":{"line":132,"column":0},"end":{"line":132,"column":12}},"132":{"start":{"line":133,"column":0},"end":{"line":133,"column":18}},"133":{"start":{"line":134,"column":0},"end":{"line":134,"column":3}},"134":{"start":{"line":135,"column":0},"end":{"line":135,"column":1}},"146":{"start":{"line":147,"column":0},"end":{"line":147,"column":88}},"147":{"start":{"line":148,"column":0},"end":{"line":148,"column":12}},"148":{"start":{"line":149,"column":0},"end":{"line":149,"column":27}},"149":{"start":{"line":150,"column":0},"end":{"line":150,"column":30}},"150":{"start":{"line":151,"column":0},"end":{"line":151,"column":39}},"151":{"start":{"line":152,"column":0},"end":{"line":152,"column":38}},"152":{"start":{"line":153,"column":0},"end":{"line":153,"column":36}},"154":{"start":{"line":155,"column":0},"end":{"line":155,"column":39}},"155":{"start":{"line":156,"column":0},"end":{"line":156,"column":37}},"156":{"start":{"line":157,"column":0},"end":{"line":157,"column":38}},"157":{"start":{"line":158,"column":0},"end":{"line":158,"column":5}},"158":{"start":{"line":159,"column":0},"end":{"line":159,"column":3}},"160":{"start":{"line":161,"column":0},"end":{"line":161,"column":11}},"161":{"start":{"line":162,"column":0},"end":{"line":162,"column":11}},"162":{"start":{"line":163,"column":0},"end":{"line":163,"column":1}},"164":{"start":{"line":165,"column":0},"end":{"line":165,"column":54}},"165":{"start":{"line":166,"column":0},"end":{"line":166,"column":66}},"167":{"start":{"line":168,"column":0},"end":{"line":168,"column":58}},"169":{"start":{"line":170,"column":0},"end":{"line":170,"column":7}},"170":{"start":{"line":171,"column":0},"end":{"line":171,"column":60}},"171":{"start":{"line":172,"column":0},"end":{"line":172,"column":38}},"172":{"start":{"line":173,"column":0},"end":{"line":173,"column":29}},"173":{"start":{"line":174,"column":0},"end":{"line":174,"column":24}},"174":{"start":{"line":175,"column":0},"end":{"line":175,"column":32}},"175":{"start":{"line":176,"column":0},"end":{"line":176,"column":9}},"176":{"start":{"line":177,"column":0},"end":{"line":177,"column":5}},"178":{"start":{"line":179,"column":0},"end":{"line":179,"column":62}},"179":{"start":{"line":180,"column":0},"end":{"line":180,"column":25}},"180":{"start":{"line":181,"column":0},"end":{"line":181,"column":62}},"182":{"start":{"line":183,"column":0},"end":{"line":183,"column":58}},"183":{"start":{"line":184,"column":0},"end":{"line":184,"column":75}},"184":{"start":{"line":185,"column":0},"end":{"line":185,"column":95}},"185":{"start":{"line":186,"column":0},"end":{"line":186,"column":7}},"187":{"start":{"line":188,"column":0},"end":{"line":188,"column":51}},"188":{"start":{"line":189,"column":0},"end":{"line":189,"column":34}},"189":{"start":{"line":190,"column":0},"end":{"line":190,"column":84}},"190":{"start":{"line":191,"column":0},"end":{"line":191,"column":30}},"191":{"start":{"line":192,"column":0},"end":{"line":192,"column":11}},"194":{"start":{"line":195,"column":0},"end":{"line":195,"column":84}},"195":{"start":{"line":196,"column":0},"end":{"line":196,"column":24}},"197":{"start":{"line":198,"column":0},"end":{"line":198,"column":40}},"198":{"start":{"line":199,"column":0},"end":{"line":199,"column":31}},"199":{"start":{"line":200,"column":0},"end":{"line":200,"column":26}},"200":{"start":{"line":201,"column":0},"end":{"line":201,"column":34}},"201":{"start":{"line":202,"column":0},"end":{"line":202,"column":21}},"202":{"start":{"line":203,"column":0},"end":{"line":203,"column":23}},"203":{"start":{"line":204,"column":0},"end":{"line":204,"column":28}},"204":{"start":{"line":205,"column":0},"end":{"line":205,"column":78}},"205":{"start":{"line":206,"column":0},"end":{"line":206,"column":11}},"206":{"start":{"line":207,"column":0},"end":{"line":207,"column":7}},"208":{"start":{"line":209,"column":0},"end":{"line":209,"column":60}},"209":{"start":{"line":210,"column":0},"end":{"line":210,"column":29}},"210":{"start":{"line":211,"column":0},"end":{"line":211,"column":26}},"211":{"start":{"line":212,"column":0},"end":{"line":212,"column":55}},"212":{"start":{"line":213,"column":0},"end":{"line":213,"column":30}},"213":{"start":{"line":214,"column":0},"end":{"line":214,"column":65}},"214":{"start":{"line":215,"column":0},"end":{"line":215,"column":26}},"215":{"start":{"line":216,"column":0},"end":{"line":216,"column":9}},"216":{"start":{"line":217,"column":0},"end":{"line":217,"column":5}},"218":{"start":{"line":219,"column":0},"end":{"line":219,"column":60}},"219":{"start":{"line":220,"column":0},"end":{"line":220,"column":51}},"220":{"start":{"line":221,"column":0},"end":{"line":221,"column":89}},"221":{"start":{"line":222,"column":0},"end":{"line":222,"column":23}},"222":{"start":{"line":223,"column":0},"end":{"line":223,"column":78}},"223":{"start":{"line":224,"column":0},"end":{"line":224,"column":5}},"225":{"start":{"line":226,"column":0},"end":{"line":226,"column":61}},"226":{"start":{"line":227,"column":0},"end":{"line":227,"column":29}},"227":{"start":{"line":228,"column":0},"end":{"line":228,"column":17}},"228":{"start":{"line":229,"column":0},"end":{"line":229,"column":19}},"229":{"start":{"line":230,"column":0},"end":{"line":230,"column":24}},"230":{"start":{"line":231,"column":0},"end":{"line":231,"column":38}},"231":{"start":{"line":232,"column":0},"end":{"line":232,"column":41}},"232":{"start":{"line":233,"column":0},"end":{"line":233,"column":9}},"233":{"start":{"line":234,"column":0},"end":{"line":234,"column":5}},"235":{"start":{"line":236,"column":0},"end":{"line":236,"column":63}},"236":{"start":{"line":237,"column":0},"end":{"line":237,"column":17}},"237":{"start":{"line":238,"column":0},"end":{"line":238,"column":46}},"238":{"start":{"line":239,"column":0},"end":{"line":239,"column":80}},"239":{"start":{"line":240,"column":0},"end":{"line":240,"column":3}},"240":{"start":{"line":241,"column":0},"end":{"line":241,"column":3}},"242":{"start":{"line":243,"column":0},"end":{"line":243,"column":27}},"243":{"start":{"line":244,"column":0},"end":{"line":244,"column":83}},"244":{"start":{"line":245,"column":0},"end":{"line":245,"column":89}},"245":{"start":{"line":246,"column":0},"end":{"line":246,"column":3}}},"s":{"0":0,"29":0,"30":0,"33":0,"35":0,"36":0,"37":0,"38":0,"39":0,"40":0,"41":0,"42":0,"43":0,"44":0,"45":0,"46":0,"47":0,"49":0,"50":0,"51":0,"52":0,"53":0,"54":0,"55":0,"56":0,"57":0,"58":0,"61":0,"62":0,"63":0,"64":0,"65":0,"66":0,"67":0,"68":0,"69":0,"70":0,"71":0,"72":0,"73":0,"74":0,"75":0,"76":0,"79":0,"80":0,"81":0,"82":0,"83":0,"84":0,"85":0,"86":0,"87":0,"88":0,"89":0,"90":0,"91":0,"92":0,"93":0,"102":0,"103":0,"104":0,"105":0,"106":0,"107":0,"108":0,"110":0,"111":0,"112":0,"113":0,"114":0,"115":0,"116":0,"117":0,"118":0,"119":0,"121":0,"122":0,"123":0,"124":0,"125":0,"127":0,"128":0,"129":0,"130":0,"131":0,"132":0,"133":0,"134":0,"146":0,"147":0,"148":0,"149":0,"150":0,"151":0,"152":0,"154":0,"155":0,"156":0,"157":0,"158":0,"160":0,"161":0,"162":0,"164":0,"165":0,"167":0,"169":0,"170":0,"171":0,"172":0,"173":0,"174":0,"175":0,"176":0,"178":0,"179":0,"180":0,"182":0,"183":0,"184":0,"185":0,"187":0,"188":0,"189":0,"190":0,"191":0,"194":0,"195":0,"197":0,"198":0,"199":0,"200":0,"201":0,"202":0,"203":0,"204":0,"205":0,"206":0,"208":0,"209":0,"210":0,"211":0,"212":0,"213":0,"214":0,"215":0,"216":0,"218":0,"219":0,"220":0,"221":0,"222":0,"223":0,"225":0,"226":0,"227":0,"228":0,"229":0,"230":0,"231":0,"232":0,"233":0,"235":0,"236":0,"237":0,"238":0,"239":0,"240":0,"242":0,"243":0,"244":0,"245":0},"branchMap":{"0":{"type":"branch","line":1,"loc":{"start":{"line":1,"column":7999},"end":{"line":246,"column":3}},"locations":[{"start":{"line":1,"column":7999},"end":{"line":246,"column":3}}]}},"b":{"0":[0]},"fnMap":{"0":{"name":"(empty-report)","decl":{"start":{"line":1,"column":7999},"end":{"line":246,"column":3}},"loc":{"start":{"line":1,"column":7999},"end":{"line":246,"column":3}},"line":1}},"f":{"0":0}}
,"G:\\HermesProjects\\baigui-web\\server\\server.ts": {"path":"G:\\HermesProjects\\baigui-web\\server\\server.ts","all":true,"statementMap":{"0":{"start":{"line":1,"column":0},"end":{"line":1,"column":3}},"20":{"start":{"line":21,"column":0},"end":{"line":21,"column":29}},"21":{"start":{"line":22,"column":0},"end":{"line":22,"column":48}},"22":{"start":{"line":23,"column":0},"end":{"line":23,"column":54}},"24":{"start":{"line":25,"column":0},"end":{"line":25,"column":41}},"26":{"start":{"line":27,"column":0},"end":{"line":27,"column":61}},"27":{"start":{"line":28,"column":0},"end":{"line":28,"column":19}},"28":{"start":{"line":29,"column":0},"end":{"line":29,"column":46}},"31":{"start":{"line":32,"column":0},"end":{"line":32,"column":36}},"34":{"start":{"line":35,"column":0},"end":{"line":35,"column":73}},"36":{"start":{"line":37,"column":0},"end":{"line":37,"column":53}},"37":{"start":{"line":38,"column":0},"end":{"line":38,"column":7}},"38":{"start":{"line":39,"column":0},"end":{"line":39,"column":32}},"39":{"start":{"line":40,"column":0},"end":{"line":40,"column":65}},"40":{"start":{"line":41,"column":0},"end":{"line":41,"column":30}},"41":{"start":{"line":42,"column":0},"end":{"line":42,"column":17}},"42":{"start":{"line":43,"column":0},"end":{"line":43,"column":19}},"43":{"start":{"line":44,"column":0},"end":{"line":44,"column":24}},"44":{"start":{"line":45,"column":0},"end":{"line":45,"column":41}},"45":{"start":{"line":46,"column":0},"end":{"line":46,"column":38}},"46":{"start":{"line":47,"column":0},"end":{"line":47,"column":10}},"47":{"start":{"line":48,"column":0},"end":{"line":48,"column":13}},"48":{"start":{"line":49,"column":0},"end":{"line":49,"column":5}},"49":{"start":{"line":50,"column":0},"end":{"line":50,"column":57}},"50":{"start":{"line":51,"column":0},"end":{"line":51,"column":25}},"51":{"start":{"line":52,"column":0},"end":{"line":52,"column":17}},"52":{"start":{"line":53,"column":0},"end":{"line":53,"column":39}},"53":{"start":{"line":54,"column":0},"end":{"line":54,"column":9}},"54":{"start":{"line":55,"column":0},"end":{"line":55,"column":59}},"55":{"start":{"line":56,"column":0},"end":{"line":56,"column":32}},"56":{"start":{"line":57,"column":0},"end":{"line":57,"column":43}},"57":{"start":{"line":58,"column":0},"end":{"line":58,"column":3}},"58":{"start":{"line":59,"column":0},"end":{"line":59,"column":3}},"60":{"start":{"line":61,"column":0},"end":{"line":61,"column":57}},"62":{"start":{"line":63,"column":0},"end":{"line":63,"column":33}},"63":{"start":{"line":64,"column":0},"end":{"line":64,"column":35}},"64":{"start":{"line":65,"column":0},"end":{"line":65,"column":33}},"65":{"start":{"line":66,"column":0},"end":{"line":66,"column":43}},"66":{"start":{"line":67,"column":0},"end":{"line":67,"column":28}},"67":{"start":{"line":68,"column":0},"end":{"line":68,"column":62}},"68":{"start":{"line":69,"column":0},"end":{"line":69,"column":5}},"69":{"start":{"line":70,"column":0},"end":{"line":70,"column":3}},"70":{"start":{"line":71,"column":0},"end":{"line":71,"column":1}},"77":{"start":{"line":78,"column":0},"end":{"line":78,"column":27}},"78":{"start":{"line":79,"column":0},"end":{"line":79,"column":19}},"79":{"start":{"line":80,"column":0},"end":{"line":80,"column":21}},"80":{"start":{"line":81,"column":0},"end":{"line":81,"column":13}},"81":{"start":{"line":82,"column":0},"end":{"line":82,"column":40}},"82":{"start":{"line":83,"column":0},"end":{"line":83,"column":39}},"84":{"start":{"line":85,"column":0},"end":{"line":85,"column":21}},"85":{"start":{"line":86,"column":0},"end":{"line":86,"column":76}},"86":{"start":{"line":87,"column":0},"end":{"line":87,"column":75}},"87":{"start":{"line":88,"column":0},"end":{"line":88,"column":76}},"88":{"start":{"line":89,"column":0},"end":{"line":89,"column":75}},"89":{"start":{"line":90,"column":0},"end":{"line":90,"column":13}},"91":{"start":{"line":92,"column":0},"end":{"line":92,"column":41}},"92":{"start":{"line":93,"column":0},"end":{"line":93,"column":30}},"93":{"start":{"line":94,"column":0},"end":{"line":94,"column":95}},"94":{"start":{"line":95,"column":0},"end":{"line":95,"column":56}},"95":{"start":{"line":96,"column":0},"end":{"line":96,"column":82}},"96":{"start":{"line":97,"column":0},"end":{"line":97,"column":56}},"97":{"start":{"line":98,"column":0},"end":{"line":98,"column":7}},"98":{"start":{"line":99,"column":0},"end":{"line":99,"column":29}},"99":{"start":{"line":100,"column":0},"end":{"line":100,"column":75}},"100":{"start":{"line":101,"column":0},"end":{"line":101,"column":5}},"101":{"start":{"line":102,"column":0},"end":{"line":102,"column":13}},"103":{"start":{"line":104,"column":0},"end":{"line":104,"column":41}},"104":{"start":{"line":105,"column":0},"end":{"line":105,"column":30}},"105":{"start":{"line":106,"column":0},"end":{"line":106,"column":95}},"106":{"start":{"line":107,"column":0},"end":{"line":107,"column":40}},"107":{"start":{"line":108,"column":0},"end":{"line":108,"column":82}},"108":{"start":{"line":109,"column":0},"end":{"line":109,"column":56}},"109":{"start":{"line":110,"column":0},"end":{"line":110,"column":7}},"110":{"start":{"line":111,"column":0},"end":{"line":111,"column":29}},"111":{"start":{"line":112,"column":0},"end":{"line":112,"column":73}},"112":{"start":{"line":113,"column":0},"end":{"line":113,"column":5}},"113":{"start":{"line":114,"column":0},"end":{"line":114,"column":23}},"114":{"start":{"line":115,"column":0},"end":{"line":115,"column":3}},"115":{"start":{"line":116,"column":0},"end":{"line":116,"column":1}},"117":{"start":{"line":118,"column":0},"end":{"line":118,"column":41}},"119":{"start":{"line":120,"column":0},"end":{"line":120,"column":45}},"120":{"start":{"line":121,"column":0},"end":{"line":121,"column":56}},"122":{"start":{"line":123,"column":0},"end":{"line":123,"column":29}},"123":{"start":{"line":124,"column":0},"end":{"line":124,"column":9}},"124":{"start":{"line":125,"column":0},"end":{"line":125,"column":42}},"126":{"start":{"line":127,"column":0},"end":{"line":127,"column":25}},"127":{"start":{"line":128,"column":0},"end":{"line":128,"column":23}},"129":{"start":{"line":130,"column":0},"end":{"line":130,"column":49}},"130":{"start":{"line":131,"column":0},"end":{"line":131,"column":45}},"131":{"start":{"line":132,"column":0},"end":{"line":132,"column":50}},"133":{"start":{"line":134,"column":0},"end":{"line":134,"column":41}},"134":{"start":{"line":135,"column":0},"end":{"line":135,"column":18}},"135":{"start":{"line":136,"column":0},"end":{"line":136,"column":30}},"136":{"start":{"line":137,"column":0},"end":{"line":137,"column":11}},"137":{"start":{"line":138,"column":0},"end":{"line":138,"column":34}},"138":{"start":{"line":139,"column":0},"end":{"line":139,"column":28}},"139":{"start":{"line":140,"column":0},"end":{"line":140,"column":34}},"140":{"start":{"line":141,"column":0},"end":{"line":141,"column":26}},"141":{"start":{"line":142,"column":0},"end":{"line":142,"column":28}},"142":{"start":{"line":143,"column":0},"end":{"line":143,"column":41}},"143":{"start":{"line":144,"column":0},"end":{"line":144,"column":14}},"144":{"start":{"line":145,"column":0},"end":{"line":145,"column":16}},"145":{"start":{"line":146,"column":0},"end":{"line":146,"column":9}},"146":{"start":{"line":147,"column":0},"end":{"line":147,"column":24}},"148":{"start":{"line":149,"column":0},"end":{"line":149,"column":44}},"149":{"start":{"line":150,"column":0},"end":{"line":150,"column":70}},"150":{"start":{"line":151,"column":0},"end":{"line":151,"column":97}},"151":{"start":{"line":152,"column":0},"end":{"line":152,"column":18}},"152":{"start":{"line":153,"column":0},"end":{"line":153,"column":11}},"153":{"start":{"line":154,"column":0},"end":{"line":154,"column":89}},"154":{"start":{"line":155,"column":0},"end":{"line":155,"column":40}},"155":{"start":{"line":156,"column":0},"end":{"line":156,"column":26}},"156":{"start":{"line":157,"column":0},"end":{"line":157,"column":58}},"157":{"start":{"line":158,"column":0},"end":{"line":158,"column":16}},"158":{"start":{"line":159,"column":0},"end":{"line":159,"column":9}},"159":{"start":{"line":160,"column":0},"end":{"line":160,"column":16}},"160":{"start":{"line":161,"column":0},"end":{"line":161,"column":91}},"161":{"start":{"line":162,"column":0},"end":{"line":162,"column":7}},"162":{"start":{"line":163,"column":0},"end":{"line":163,"column":19}},"164":{"start":{"line":165,"column":0},"end":{"line":165,"column":44}},"165":{"start":{"line":166,"column":0},"end":{"line":166,"column":11}},"166":{"start":{"line":167,"column":0},"end":{"line":167,"column":75}},"167":{"start":{"line":168,"column":0},"end":{"line":168,"column":37}},"168":{"start":{"line":169,"column":0},"end":{"line":169,"column":5}},"169":{"start":{"line":170,"column":0},"end":{"line":170,"column":5}},"171":{"start":{"line":172,"column":0},"end":{"line":172,"column":24}},"172":{"start":{"line":173,"column":0},"end":{"line":173,"column":43}},"173":{"start":{"line":174,"column":0},"end":{"line":174,"column":63}},"174":{"start":{"line":175,"column":0},"end":{"line":175,"column":55}},"175":{"start":{"line":176,"column":0},"end":{"line":176,"column":5}},"177":{"start":{"line":178,"column":0},"end":{"line":178,"column":27}},"178":{"start":{"line":179,"column":0},"end":{"line":179,"column":41}},"179":{"start":{"line":180,"column":0},"end":{"line":180,"column":5}},"180":{"start":{"line":181,"column":0},"end":{"line":181,"column":3}},"182":{"start":{"line":183,"column":0},"end":{"line":183,"column":26}},"183":{"start":{"line":184,"column":0},"end":{"line":184,"column":39}},"184":{"start":{"line":185,"column":0},"end":{"line":185,"column":3}},"187":{"start":{"line":188,"column":0},"end":{"line":188,"column":19}},"188":{"start":{"line":189,"column":0},"end":{"line":189,"column":7}},"189":{"start":{"line":190,"column":0},"end":{"line":190,"column":33}},"190":{"start":{"line":191,"column":0},"end":{"line":191,"column":37}},"191":{"start":{"line":192,"column":0},"end":{"line":192,"column":36}},"192":{"start":{"line":193,"column":0},"end":{"line":193,"column":27}},"193":{"start":{"line":194,"column":0},"end":{"line":194,"column":31}},"194":{"start":{"line":195,"column":0},"end":{"line":195,"column":85}},"195":{"start":{"line":196,"column":0},"end":{"line":196,"column":7}},"196":{"start":{"line":197,"column":0},"end":{"line":197,"column":5}},"197":{"start":{"line":198,"column":0},"end":{"line":198,"column":53}},"199":{"start":{"line":200,"column":0},"end":{"line":200,"column":55}},"200":{"start":{"line":201,"column":0},"end":{"line":201,"column":15}},"201":{"start":{"line":202,"column":0},"end":{"line":202,"column":20}},"202":{"start":{"line":203,"column":0},"end":{"line":203,"column":24}},"203":{"start":{"line":204,"column":0},"end":{"line":204,"column":22}},"204":{"start":{"line":205,"column":0},"end":{"line":205,"column":28}},"205":{"start":{"line":206,"column":0},"end":{"line":206,"column":7}},"206":{"start":{"line":207,"column":0},"end":{"line":207,"column":17}},"207":{"start":{"line":208,"column":0},"end":{"line":208,"column":41}},"208":{"start":{"line":209,"column":0},"end":{"line":209,"column":3}},"209":{"start":{"line":210,"column":0},"end":{"line":210,"column":15}},"211":{"start":{"line":212,"column":0},"end":{"line":212,"column":32}},"212":{"start":{"line":213,"column":0},"end":{"line":213,"column":78}},"213":{"start":{"line":214,"column":0},"end":{"line":214,"column":59}},"214":{"start":{"line":215,"column":0},"end":{"line":215,"column":55}},"215":{"start":{"line":216,"column":0},"end":{"line":216,"column":88}},"216":{"start":{"line":217,"column":0},"end":{"line":217,"column":3}}},"s":{"0":0,"20":0,"21":0,"22":0,"24":0,"26":0,"27":0,"28":0,"31":0,"34":0,"36":0,"37":0,"38":0,"39":0,"40":0,"41":0,"42":0,"43":0,"44":0,"45":0,"46":0,"47":0,"48":0,"49":0,"50":0,"51":0,"52":0,"53":0,"54":0,"55":0,"56":0,"57":0,"58":0,"60":0,"62":0,"63":0,"64":0,"65":0,"66":0,"67":0,"68":0,"69":0,"70":0,"77":0,"78":0,"79":0,"80":0,"81":0,"82":0,"84":0,"85":0,"86":0,"87":0,"88":0,"89":0,"91":0,"92":0,"93":0,"94":0,"95":0,"96":0,"97":0,"98":0,"99":0,"100":0,"101":0,"103":0,"104":0,"105":0,"106":0,"107":0,"108":0,"109":0,"110":0,"111":0,"112":0,"113":0,"114":0,"115":0,"117":0,"119":0,"120":0,"122":0,"123":0,"124":0,"126":0,"127":0,"129":0,"130":0,"131":0,"133":0,"134":0,"135":0,"136":0,"137":0,"138":0,"139":0,"140":0,"141":0,"142":0,"143":0,"144":0,"145":0,"146":0,"148":0,"149":0,"150":0,"151":0,"152":0,"153":0,"154":0,"155":0,"156":0,"157":0,"158":0,"159":0,"160":0,"161":0,"162":0,"164":0,"165":0,"166":0,"167":0,"168":0,"169":0,"171":0,"172":0,"173":0,"174":0,"175":0,"177":0,"178":0,"179":0,"180":0,"182":0,"183":0,"184":0,"187":0,"188":0,"189":0,"190":0,"191":0,"192":0,"193":0,"194":0,"195":0,"196":0,"197":0,"199":0,"200":0,"201":0,"202":0,"203":0,"204":0,"205":0,"206":0,"207":0,"208":0,"209":0,"211":0,"212":0,"213":0,"214":0,"215":0,"216":0},"branchMap":{"0":{"type":"branch","line":1,"loc":{"start":{"line":1,"column":7147},"end":{"line":217,"column":3}},"locations":[{"start":{"line":1,"column":7147},"end":{"line":217,"column":3}}]}},"b":{"0":[0]},"fnMap":{"0":{"name":"(empty-report)","decl":{"start":{"line":1,"column":7147},"end":{"line":217,"column":3}},"loc":{"start":{"line":1,"column":7147},"end":{"line":217,"column":3}},"line":1}},"f":{"0":0}}
,"G:\\HermesProjects\\baigui-web\\server\\state.ts": {"path":"G:\\HermesProjects\\baigui-web\\server\\state.ts","all":true,"statementMap":{"0":{"start":{"line":1,"column":0},"end":{"line":1,"column":3}},"34":{"start":{"line":35,"column":0},"end":{"line":35,"column":22}},"37":{"start":{"line":38,"column":0},"end":{"line":38,"column":53}},"39":{"start":{"line":40,"column":0},"end":{"line":40,"column":23}},"46":{"start":{"line":47,"column":0},"end":{"line":47,"column":45}},"48":{"start":{"line":49,"column":0},"end":{"line":49,"column":55}},"50":{"start":{"line":51,"column":0},"end":{"line":51,"column":37}},"52":{"start":{"line":53,"column":0},"end":{"line":53,"column":27}},"53":{"start":{"line":54,"column":0},"end":{"line":54,"column":17}},"55":{"start":{"line":56,"column":0},"end":{"line":56,"column":31}},"56":{"start":{"line":57,"column":0},"end":{"line":57,"column":33}},"57":{"start":{"line":58,"column":0},"end":{"line":58,"column":18}},"58":{"start":{"line":59,"column":0},"end":{"line":59,"column":3}},"70":{"start":{"line":71,"column":0},"end":{"line":71,"column":29}},"72":{"start":{"line":73,"column":0},"end":{"line":73,"column":46}},"75":{"start":{"line":76,"column":0},"end":{"line":76,"column":37}},"78":{"start":{"line":79,"column":0},"end":{"line":79,"column":69}},"79":{"start":{"line":80,"column":0},"end":{"line":80,"column":31}},"80":{"start":{"line":81,"column":0},"end":{"line":81,"column":25}},"81":{"start":{"line":82,"column":0},"end":{"line":82,"column":21}},"82":{"start":{"line":83,"column":0},"end":{"line":83,"column":50}},"83":{"start":{"line":84,"column":0},"end":{"line":84,"column":14}},"84":{"start":{"line":85,"column":0},"end":{"line":85,"column":17}},"85":{"start":{"line":86,"column":0},"end":{"line":86,"column":14}},"86":{"start":{"line":87,"column":0},"end":{"line":87,"column":13}},"87":{"start":{"line":88,"column":0},"end":{"line":88,"column":15}},"88":{"start":{"line":89,"column":0},"end":{"line":89,"column":24}},"89":{"start":{"line":90,"column":0},"end":{"line":90,"column":20}},"90":{"start":{"line":91,"column":0},"end":{"line":91,"column":20}},"91":{"start":{"line":92,"column":0},"end":{"line":92,"column":16}},"92":{"start":{"line":93,"column":0},"end":{"line":93,"column":6}},"93":{"start":{"line":94,"column":0},"end":{"line":94,"column":29}},"96":{"start":{"line":97,"column":0},"end":{"line":97,"column":25}},"97":{"start":{"line":98,"column":0},"end":{"line":98,"column":54}},"98":{"start":{"line":99,"column":0},"end":{"line":99,"column":41}},"100":{"start":{"line":101,"column":0},"end":{"line":101,"column":59}},"101":{"start":{"line":102,"column":0},"end":{"line":102,"column":57}},"102":{"start":{"line":103,"column":0},"end":{"line":103,"column":39}},"103":{"start":{"line":104,"column":0},"end":{"line":104,"column":91}},"104":{"start":{"line":105,"column":0},"end":{"line":105,"column":34}},"105":{"start":{"line":106,"column":0},"end":{"line":106,"column":45}},"106":{"start":{"line":107,"column":0},"end":{"line":107,"column":24}},"107":{"start":{"line":108,"column":0},"end":{"line":108,"column":40}},"108":{"start":{"line":109,"column":0},"end":{"line":109,"column":17}},"109":{"start":{"line":110,"column":0},"end":{"line":110,"column":20}},"110":{"start":{"line":111,"column":0},"end":{"line":111,"column":19}},"111":{"start":{"line":112,"column":0},"end":{"line":112,"column":19}},"112":{"start":{"line":113,"column":0},"end":{"line":113,"column":23}},"113":{"start":{"line":114,"column":0},"end":{"line":114,"column":25}},"114":{"start":{"line":115,"column":0},"end":{"line":115,"column":22}},"115":{"start":{"line":116,"column":0},"end":{"line":116,"column":22}},"116":{"start":{"line":117,"column":0},"end":{"line":117,"column":18}},"117":{"start":{"line":118,"column":0},"end":{"line":118,"column":8}},"118":{"start":{"line":119,"column":0},"end":{"line":119,"column":32}},"119":{"start":{"line":120,"column":0},"end":{"line":120,"column":5}},"122":{"start":{"line":123,"column":0},"end":{"line":123,"column":71}},"123":{"start":{"line":124,"column":0},"end":{"line":124,"column":54}},"124":{"start":{"line":125,"column":0},"end":{"line":125,"column":38}},"125":{"start":{"line":126,"column":0},"end":{"line":126,"column":74}},"126":{"start":{"line":127,"column":0},"end":{"line":127,"column":54}},"127":{"start":{"line":128,"column":0},"end":{"line":128,"column":45}},"129":{"start":{"line":130,"column":0},"end":{"line":130,"column":64}},"130":{"start":{"line":131,"column":0},"end":{"line":131,"column":25}},"131":{"start":{"line":132,"column":0},"end":{"line":132,"column":85}},"132":{"start":{"line":133,"column":0},"end":{"line":133,"column":31}},"133":{"start":{"line":134,"column":0},"end":{"line":134,"column":42}},"134":{"start":{"line":135,"column":0},"end":{"line":135,"column":21}},"135":{"start":{"line":136,"column":0},"end":{"line":136,"column":40}},"136":{"start":{"line":137,"column":0},"end":{"line":137,"column":14}},"137":{"start":{"line":138,"column":0},"end":{"line":138,"column":17}},"138":{"start":{"line":139,"column":0},"end":{"line":139,"column":15}},"139":{"start":{"line":140,"column":0},"end":{"line":140,"column":15}},"140":{"start":{"line":141,"column":0},"end":{"line":141,"column":17}},"141":{"start":{"line":142,"column":0},"end":{"line":142,"column":27}},"142":{"start":{"line":143,"column":0},"end":{"line":143,"column":59}},"143":{"start":{"line":144,"column":0},"end":{"line":144,"column":22}},"144":{"start":{"line":145,"column":0},"end":{"line":145,"column":18}},"145":{"start":{"line":146,"column":0},"end":{"line":146,"column":8}},"146":{"start":{"line":147,"column":0},"end":{"line":147,"column":29}},"147":{"start":{"line":148,"column":0},"end":{"line":148,"column":5}},"149":{"start":{"line":150,"column":0},"end":{"line":150,"column":19}},"150":{"start":{"line":151,"column":0},"end":{"line":151,"column":31}},"151":{"start":{"line":152,"column":0},"end":{"line":152,"column":31}},"152":{"start":{"line":153,"column":0},"end":{"line":153,"column":31}},"154":{"start":{"line":155,"column":0},"end":{"line":155,"column":30}},"155":{"start":{"line":156,"column":0},"end":{"line":156,"column":46}},"156":{"start":{"line":157,"column":0},"end":{"line":157,"column":3}},"160":{"start":{"line":161,"column":0},"end":{"line":161,"column":46}},"161":{"start":{"line":162,"column":0},"end":{"line":162,"column":57}},"162":{"start":{"line":163,"column":0},"end":{"line":163,"column":52}},"163":{"start":{"line":164,"column":0},"end":{"line":164,"column":60}},"166":{"start":{"line":167,"column":0},"end":{"line":167,"column":49}},"167":{"start":{"line":168,"column":0},"end":{"line":168,"column":35}},"168":{"start":{"line":169,"column":0},"end":{"line":169,"column":40}},"171":{"start":{"line":172,"column":0},"end":{"line":172,"column":52}},"172":{"start":{"line":173,"column":0},"end":{"line":173,"column":84}},"173":{"start":{"line":174,"column":0},"end":{"line":174,"column":36}},"174":{"start":{"line":175,"column":0},"end":{"line":175,"column":16}},"175":{"start":{"line":176,"column":0},"end":{"line":176,"column":23}},"176":{"start":{"line":177,"column":0},"end":{"line":177,"column":40}},"177":{"start":{"line":178,"column":0},"end":{"line":178,"column":16}},"178":{"start":{"line":179,"column":0},"end":{"line":179,"column":19}},"179":{"start":{"line":180,"column":0},"end":{"line":180,"column":16}},"180":{"start":{"line":181,"column":0},"end":{"line":181,"column":15}},"181":{"start":{"line":182,"column":0},"end":{"line":182,"column":17}},"182":{"start":{"line":183,"column":0},"end":{"line":183,"column":26}},"183":{"start":{"line":184,"column":0},"end":{"line":184,"column":22}},"184":{"start":{"line":185,"column":0},"end":{"line":185,"column":22}},"185":{"start":{"line":186,"column":0},"end":{"line":186,"column":18}},"186":{"start":{"line":187,"column":0},"end":{"line":187,"column":8}},"187":{"start":{"line":188,"column":0},"end":{"line":188,"column":52}},"188":{"start":{"line":189,"column":0},"end":{"line":189,"column":5}},"190":{"start":{"line":191,"column":0},"end":{"line":191,"column":15}},"191":{"start":{"line":192,"column":0},"end":{"line":192,"column":3}},"194":{"start":{"line":195,"column":0},"end":{"line":195,"column":37}},"195":{"start":{"line":196,"column":0},"end":{"line":196,"column":45}},"196":{"start":{"line":197,"column":0},"end":{"line":197,"column":35}},"197":{"start":{"line":198,"column":0},"end":{"line":198,"column":36}},"198":{"start":{"line":199,"column":0},"end":{"line":199,"column":35}},"200":{"start":{"line":201,"column":0},"end":{"line":201,"column":3}},"208":{"start":{"line":209,"column":0},"end":{"line":209,"column":53}},"212":{"start":{"line":213,"column":0},"end":{"line":213,"column":5}},"213":{"start":{"line":214,"column":0},"end":{"line":214,"column":74}},"214":{"start":{"line":215,"column":0},"end":{"line":215,"column":30}},"215":{"start":{"line":216,"column":0},"end":{"line":216,"column":49}},"216":{"start":{"line":217,"column":0},"end":{"line":217,"column":12}},"217":{"start":{"line":218,"column":0},"end":{"line":218,"column":26}},"218":{"start":{"line":219,"column":0},"end":{"line":219,"column":28}},"219":{"start":{"line":220,"column":0},"end":{"line":220,"column":30}},"220":{"start":{"line":221,"column":0},"end":{"line":221,"column":6}},"221":{"start":{"line":222,"column":0},"end":{"line":222,"column":3}},"224":{"start":{"line":225,"column":0},"end":{"line":225,"column":18}},"228":{"start":{"line":229,"column":0},"end":{"line":229,"column":5}},"229":{"start":{"line":230,"column":0},"end":{"line":230,"column":12}},"230":{"start":{"line":231,"column":0},"end":{"line":231,"column":28}},"231":{"start":{"line":232,"column":0},"end":{"line":232,"column":51}},"232":{"start":{"line":233,"column":0},"end":{"line":233,"column":26}},"233":{"start":{"line":234,"column":0},"end":{"line":234,"column":6}},"234":{"start":{"line":235,"column":0},"end":{"line":235,"column":3}},"237":{"start":{"line":238,"column":0},"end":{"line":238,"column":22}},"238":{"start":{"line":239,"column":0},"end":{"line":239,"column":27}},"239":{"start":{"line":240,"column":0},"end":{"line":240,"column":3}},"242":{"start":{"line":243,"column":0},"end":{"line":243,"column":29}},"243":{"start":{"line":244,"column":0},"end":{"line":244,"column":51}},"244":{"start":{"line":245,"column":0},"end":{"line":245,"column":3}},"247":{"start":{"line":248,"column":0},"end":{"line":248,"column":51}},"248":{"start":{"line":249,"column":0},"end":{"line":249,"column":36}},"249":{"start":{"line":250,"column":0},"end":{"line":250,"column":3}},"250":{"start":{"line":251,"column":0},"end":{"line":251,"column":1}}},"s":{"0":0,"34":0,"37":0,"39":0,"46":0,"48":0,"50":0,"52":0,"53":0,"55":0,"56":0,"57":0,"58":0,"70":0,"72":0,"75":0,"78":0,"79":0,"80":0,"81":0,"82":0,"83":0,"84":0,"85":0,"86":0,"87":0,"88":0,"89":0,"90":0,"91":0,"92":0,"93":0,"96":0,"97":0,"98":0,"100":0,"101":0,"102":0,"103":0,"104":0,"105":0,"106":0,"107":0,"108":0,"109":0,"110":0,"111":0,"112":0,"113":0,"114":0,"115":0,"116":0,"117":0,"118":0,"119":0,"122":0,"123":0,"124":0,"125":0,"126":0,"127":0,"129":0,"130":0,"131":0,"132":0,"133":0,"134":0,"135":0,"136":0,"137":0,"138":0,"139":0,"140":0,"141":0,"142":0,"143":0,"144":0,"145":0,"146":0,"147":0,"149":0,"150":0,"151":0,"152":0,"154":0,"155":0,"156":0,"160":0,"161":0,"162":0,"163":0,"166":0,"167":0,"168":0,"171":0,"172":0,"173":0,"174":0,"175":0,"176":0,"177":0,"178":0,"179":0,"180":0,"181":0,"182":0,"183":0,"184":0,"185":0,"186":0,"187":0,"188":0,"190":0,"191":0,"194":0,"195":0,"196":0,"197":0,"198":0,"200":0,"208":0,"212":0,"213":0,"214":0,"215":0,"216":0,"217":0,"218":0,"219":0,"220":0,"221":0,"224":0,"228":0,"229":0,"230":0,"231":0,"232":0,"233":0,"234":0,"237":0,"238":0,"239":0,"242":0,"243":0,"244":0,"247":0,"248":0,"249":0,"250":0},"branchMap":{"0":{"type":"branch","line":1,"loc":{"start":{"line":1,"column":7254},"end":{"line":251,"column":1}},"locations":[{"start":{"line":1,"column":7254},"end":{"line":251,"column":1}}]}},"b":{"0":[0]},"fnMap":{"0":{"name":"(empty-report)","decl":{"start":{"line":1,"column":7254},"end":{"line":251,"column":1}},"loc":{"start":{"line":1,"column":7254},"end":{"line":251,"column":1}},"line":1}},"f":{"0":0}}
,"G:\\HermesProjects\\baigui-web\\src\\core\\sim\\combat.ts": {"path":"G:\\HermesProjects\\baigui-web\\src\\core\\sim\\combat.ts","all":false,"statementMap":{"0":{"start":{"line":1,"column":0},"end":{"line":1,"column":3}},"27":{"start":{"line":28,"column":0},"end":{"line":28,"column":24}},"28":{"start":{"line":29,"column":0},"end":{"line":29,"column":28}},"29":{"start":{"line":30,"column":0},"end":{"line":30,"column":22}},"30":{"start":{"line":31,"column":0},"end":{"line":31,"column":21}},"31":{"start":{"line":32,"column":0},"end":{"line":32,"column":23}},"33":{"start":{"line":34,"column":0},"end":{"line":34,"column":53}},"34":{"start":{"line":35,"column":0},"end":{"line":35,"column":16}},"35":{"start":{"line":36,"column":0},"end":{"line":36,"column":33}},"36":{"start":{"line":37,"column":0},"end":{"line":37,"column":66}},"37":{"start":{"line":38,"column":0},"end":{"line":38,"column":3}},"38":{"start":{"line":39,"column":0},"end":{"line":39,"column":15}},"39":{"start":{"line":40,"column":0},"end":{"line":40,"column":1}},"41":{"start":{"line":42,"column":0},"end":{"line":42,"column":54}},"42":{"start":{"line":43,"column":0},"end":{"line":43,"column":16}},"43":{"start":{"line":44,"column":0},"end":{"line":44,"column":33}},"44":{"start":{"line":45,"column":0},"end":{"line":45,"column":68}},"45":{"start":{"line":46,"column":0},"end":{"line":46,"column":3}},"46":{"start":{"line":47,"column":0},"end":{"line":47,"column":15}},"47":{"start":{"line":48,"column":0},"end":{"line":48,"column":1}},"57":{"start":{"line":58,"column":0},"end":{"line":58,"column":30}},"58":{"start":{"line":59,"column":0},"end":{"line":59,"column":19}},"59":{"start":{"line":60,"column":0},"end":{"line":60,"column":23}},"60":{"start":{"line":61,"column":0},"end":{"line":61,"column":23}},"61":{"start":{"line":62,"column":0},"end":{"line":62,"column":16}},"62":{"start":{"line":63,"column":0},"end":{"line":63,"column":21}},"63":{"start":{"line":64,"column":0},"end":{"line":64,"column":46}},"64":{"start":{"line":65,"column":0},"end":{"line":65,"column":46}},"66":{"start":{"line":67,"column":0},"end":{"line":67,"column":33}},"68":{"start":{"line":69,"column":0},"end":{"line":69,"column":31}},"69":{"start":{"line":70,"column":0},"end":{"line":70,"column":39}},"70":{"start":{"line":71,"column":0},"end":{"line":71,"column":3}},"71":{"start":{"line":72,"column":0},"end":{"line":72,"column":46}},"73":{"start":{"line":74,"column":0},"end":{"line":74,"column":39}},"74":{"start":{"line":75,"column":0},"end":{"line":75,"column":3}},"75":{"start":{"line":76,"column":0},"end":{"line":76,"column":45}},"77":{"start":{"line":78,"column":0},"end":{"line":78,"column":39}},"78":{"start":{"line":79,"column":0},"end":{"line":79,"column":3}},"81":{"start":{"line":82,"column":0},"end":{"line":82,"column":60}},"82":{"start":{"line":83,"column":0},"end":{"line":83,"column":61}},"85":{"start":{"line":86,"column":0},"end":{"line":86,"column":73}},"86":{"start":{"line":87,"column":0},"end":{"line":87,"column":45}},"87":{"start":{"line":88,"column":0},"end":{"line":88,"column":44}},"89":{"start":{"line":90,"column":0},"end":{"line":90,"column":22}},"90":{"start":{"line":91,"column":0},"end":{"line":91,"column":17}},"91":{"start":{"line":92,"column":0},"end":{"line":92,"column":26}},"92":{"start":{"line":93,"column":0},"end":{"line":93,"column":25}},"93":{"start":{"line":94,"column":0},"end":{"line":94,"column":25}},"94":{"start":{"line":95,"column":0},"end":{"line":95,"column":32}},"95":{"start":{"line":96,"column":0},"end":{"line":96,"column":23}},"96":{"start":{"line":97,"column":0},"end":{"line":97,"column":7}},"97":{"start":{"line":98,"column":0},"end":{"line":98,"column":39}},"98":{"start":{"line":99,"column":0},"end":{"line":99,"column":3}},"101":{"start":{"line":102,"column":0},"end":{"line":102,"column":61}},"102":{"start":{"line":103,"column":0},"end":{"line":103,"column":27}},"103":{"start":{"line":104,"column":0},"end":{"line":104,"column":52}},"104":{"start":{"line":105,"column":0},"end":{"line":105,"column":49}},"107":{"start":{"line":108,"column":0},"end":{"line":108,"column":51}},"108":{"start":{"line":109,"column":0},"end":{"line":109,"column":29}},"109":{"start":{"line":110,"column":0},"end":{"line":110,"column":30}},"110":{"start":{"line":111,"column":0},"end":{"line":111,"column":85}},"113":{"start":{"line":114,"column":0},"end":{"line":114,"column":60}},"114":{"start":{"line":115,"column":0},"end":{"line":115,"column":34}},"115":{"start":{"line":116,"column":0},"end":{"line":116,"column":16}},"116":{"start":{"line":117,"column":0},"end":{"line":117,"column":22}},"117":{"start":{"line":118,"column":0},"end":{"line":118,"column":4}},"119":{"start":{"line":120,"column":0},"end":{"line":120,"column":15}},"120":{"start":{"line":121,"column":0},"end":{"line":121,"column":19}},"121":{"start":{"line":122,"column":0},"end":{"line":122,"column":23}},"122":{"start":{"line":123,"column":0},"end":{"line":123,"column":23}},"123":{"start":{"line":124,"column":0},"end":{"line":124,"column":62}},"124":{"start":{"line":125,"column":0},"end":{"line":125,"column":21}},"125":{"start":{"line":126,"column":0},"end":{"line":126,"column":5}},"126":{"start":{"line":127,"column":0},"end":{"line":127,"column":15}},"127":{"start":{"line":128,"column":0},"end":{"line":128,"column":17}},"128":{"start":{"line":129,"column":0},"end":{"line":129,"column":25}},"129":{"start":{"line":130,"column":0},"end":{"line":130,"column":25}},"130":{"start":{"line":131,"column":0},"end":{"line":131,"column":25}},"131":{"start":{"line":132,"column":0},"end":{"line":132,"column":45}},"132":{"start":{"line":133,"column":0},"end":{"line":133,"column":23}},"133":{"start":{"line":134,"column":0},"end":{"line":134,"column":7}},"134":{"start":{"line":135,"column":0},"end":{"line":135,"column":10}},"135":{"start":{"line":136,"column":0},"end":{"line":136,"column":17}},"136":{"start":{"line":137,"column":0},"end":{"line":137,"column":25}},"137":{"start":{"line":138,"column":0},"end":{"line":138,"column":25}},"138":{"start":{"line":139,"column":0},"end":{"line":139,"column":25}},"139":{"start":{"line":140,"column":0},"end":{"line":140,"column":46}},"140":{"start":{"line":141,"column":0},"end":{"line":141,"column":23}},"141":{"start":{"line":142,"column":0},"end":{"line":142,"column":7}},"142":{"start":{"line":143,"column":0},"end":{"line":143,"column":3}},"145":{"start":{"line":146,"column":0},"end":{"line":146,"column":73}},"146":{"start":{"line":147,"column":0},"end":{"line":147,"column":40}},"147":{"start":{"line":148,"column":0},"end":{"line":148,"column":47}},"148":{"start":{"line":149,"column":0},"end":{"line":149,"column":17}},"149":{"start":{"line":150,"column":0},"end":{"line":150,"column":20}},"150":{"start":{"line":151,"column":0},"end":{"line":151,"column":25}},"151":{"start":{"line":152,"column":0},"end":{"line":152,"column":25}},"152":{"start":{"line":153,"column":0},"end":{"line":153,"column":40}},"153":{"start":{"line":154,"column":0},"end":{"line":154,"column":23}},"154":{"start":{"line":155,"column":0},"end":{"line":155,"column":7}},"155":{"start":{"line":156,"column":0},"end":{"line":156,"column":3}},"157":{"start":{"line":158,"column":0},"end":{"line":158,"column":10}},"158":{"start":{"line":159,"column":0},"end":{"line":159,"column":11}},"159":{"start":{"line":160,"column":0},"end":{"line":160,"column":67}},"160":{"start":{"line":161,"column":0},"end":{"line":161,"column":4}},"161":{"start":{"line":162,"column":0},"end":{"line":162,"column":1}}},"s":{"0":1,"27":1,"28":1,"29":1,"30":1,"31":1,"33":1139,"34":1139,"35":1139,"36":0,"37":0,"38":1139,"39":1139,"41":1139,"42":1139,"43":1139,"44":0,"45":0,"46":1139,"47":1139,"57":1,"58":1140,"59":1140,"60":1140,"61":1140,"62":1140,"63":1140,"64":1140,"66":1140,"68":1140,"69":0,"70":0,"71":1140,"73":1,"74":1,"75":1140,"77":0,"78":0,"81":1139,"82":1139,"85":1139,"86":1139,"87":1139,"89":1140,"90":57,"91":57,"92":57,"93":57,"94":57,"95":57,"96":57,"97":57,"98":57,"101":1082,"102":1082,"103":1082,"104":1082,"107":1082,"108":1082,"109":1082,"110":1140,"113":1140,"114":1140,"115":1140,"116":1140,"117":1140,"119":1140,"120":1140,"121":1140,"122":1140,"123":1140,"124":1140,"125":1140,"126":1140,"127":116,"128":116,"129":116,"130":116,"131":116,"132":116,"133":116,"134":1140,"135":966,"136":966,"137":966,"138":966,"139":966,"140":966,"141":966,"142":966,"145":1082,"146":1082,"147":1140,"148":3,"149":3,"150":3,"151":3,"152":3,"153":3,"154":3,"155":3,"157":1082,"158":1082,"159":1082,"160":1082,"161":1082},"branchMap":{"0":{"type":"branch","line":34,"loc":{"start":{"line":34,"column":0},"end":{"line":40,"column":1}},"locations":[{"start":{"line":34,"column":0},"end":{"line":40,"column":1}}]},"1":{"type":"branch","line":36,"loc":{"start":{"line":36,"column":32},"end":{"line":38,"column":3}},"locations":[{"start":{"line":36,"column":32},"end":{"line":38,"column":3}}]},"2":{"type":"branch","line":42,"loc":{"start":{"line":42,"column":0},"end":{"line":48,"column":1}},"locations":[{"start":{"line":42,"column":0},"end":{"line":48,"column":1}}]},"3":{"type":"branch","line":44,"loc":{"start":{"line":44,"column":32},"end":{"line":46,"column":3}},"locations":[{"start":{"line":44,"column":32},"end":{"line":46,"column":3}}]},"4":{"type":"branch","line":58,"loc":{"start":{"line":58,"column":7},"end":{"line":162,"column":1}},"locations":[{"start":{"line":58,"column":7},"end":{"line":162,"column":1}}]},"5":{"type":"branch","line":69,"loc":{"start":{"line":69,"column":30},"end":{"line":71,"column":3}},"locations":[{"start":{"line":69,"column":30},"end":{"line":71,"column":3}}]},"6":{"type":"branch","line":72,"loc":{"start":{"line":72,"column":45},"end":{"line":75,"column":3}},"locations":[{"start":{"line":72,"column":45},"end":{"line":75,"column":3}}]},"7":{"type":"branch","line":75,"loc":{"start":{"line":75,"column":2},"end":{"line":76,"column":44}},"locations":[{"start":{"line":75,"column":2},"end":{"line":76,"column":44}}]},"8":{"type":"branch","line":76,"loc":{"start":{"line":76,"column":44},"end":{"line":79,"column":3}},"locations":[{"start":{"line":76,"column":44},"end":{"line":79,"column":3}}]},"9":{"type":"branch","line":79,"loc":{"start":{"line":79,"column":2},"end":{"line":90,"column":21}},"locations":[{"start":{"line":79,"column":2},"end":{"line":90,"column":21}}]},"10":{"type":"branch","line":90,"loc":{"start":{"line":90,"column":21},"end":{"line":99,"column":3}},"locations":[{"start":{"line":90,"column":21},"end":{"line":99,"column":3}}]},"11":{"type":"branch","line":99,"loc":{"start":{"line":99,"column":2},"end":{"line":111,"column":62}},"locations":[{"start":{"line":99,"column":2},"end":{"line":111,"column":62}}]},"12":{"type":"branch","line":111,"loc":{"start":{"line":111,"column":53},"end":{"line":111,"column":80}},"locations":[{"start":{"line":111,"column":53},"end":{"line":111,"column":80}}]},"13":{"type":"branch","line":111,"loc":{"start":{"line":111,"column":62},"end":{"line":111,"column":82}},"locations":[{"start":{"line":111,"column":62},"end":{"line":111,"column":82}}]},"14":{"type":"branch","line":127,"loc":{"start":{"line":127,"column":14},"end":{"line":135,"column":9}},"locations":[{"start":{"line":127,"column":14},"end":{"line":135,"column":9}}]},"15":{"type":"branch","line":135,"loc":{"start":{"line":135,"column":2},"end":{"line":143,"column":3}},"locations":[{"start":{"line":135,"column":2},"end":{"line":143,"column":3}}]},"16":{"type":"branch","line":143,"loc":{"start":{"line":143,"column":2},"end":{"line":148,"column":29}},"locations":[{"start":{"line":143,"column":2},"end":{"line":148,"column":29}}]},"17":{"type":"branch","line":148,"loc":{"start":{"line":148,"column":24},"end":{"line":148,"column":46}},"locations":[{"start":{"line":148,"column":24},"end":{"line":148,"column":46}}]},"18":{"type":"branch","line":148,"loc":{"start":{"line":148,"column":46},"end":{"line":156,"column":3}},"locations":[{"start":{"line":148,"column":46},"end":{"line":156,"column":3}}]},"19":{"type":"branch","line":156,"loc":{"start":{"line":156,"column":2},"end":{"line":162,"column":1}},"locations":[{"start":{"line":156,"column":2},"end":{"line":162,"column":1}}]}},"b":{"0":[1139],"1":[0],"2":[1139],"3":[0],"4":[1140],"5":[0],"6":[1],"7":[1139],"8":[0],"9":[1139],"10":[57],"11":[1082],"12":[116],"13":[966],"14":[116],"15":[966],"16":[1082],"17":[3],"18":[3],"19":[1082]},"fnMap":{"0":{"name":"attackBuffBonus","decl":{"start":{"line":34,"column":0},"end":{"line":40,"column":1}},"loc":{"start":{"line":34,"column":0},"end":{"line":40,"column":1}},"line":34},"1":{"name":"defenseBuffBonus","decl":{"start":{"line":42,"column":0},"end":{"line":48,"column":1}},"loc":{"start":{"line":42,"column":0},"end":{"line":48,"column":1}},"line":42},"2":{"name":"resolveCombat","decl":{"start":{"line":58,"column":7},"end":{"line":162,"column":1}},"loc":{"start":{"line":58,"column":7},"end":{"line":162,"column":1}},"line":58}},"f":{"0":1139,"1":1139,"2":1140}}
,"G:\\HermesProjects\\baigui-web\\src\\core\\sim\\encounters.ts": {"path":"G:\\HermesProjects\\baigui-web\\src\\core\\sim\\encounters.ts","all":false,"statementMap":{"0":{"start":{"line":1,"column":0},"end":{"line":1,"column":3}},"30":{"start":{"line":31,"column":0},"end":{"line":31,"column":38}},"31":{"start":{"line":32,"column":0},"end":{"line":32,"column":114}},"32":{"start":{"line":33,"column":0},"end":{"line":33,"column":114}},"33":{"start":{"line":34,"column":0},"end":{"line":34,"column":114}},"34":{"start":{"line":35,"column":0},"end":{"line":35,"column":114}},"35":{"start":{"line":36,"column":0},"end":{"line":36,"column":115}},"36":{"start":{"line":37,"column":0},"end":{"line":37,"column":2}},"41":{"start":{"line":42,"column":0},"end":{"line":42,"column":54}},"42":{"start":{"line":43,"column":0},"end":{"line":43,"column":81}},"43":{"start":{"line":44,"column":0},"end":{"line":44,"column":1}},"54":{"start":{"line":55,"column":0},"end":{"line":55,"column":34}},"55":{"start":{"line":56,"column":0},"end":{"line":56,"column":19}},"56":{"start":{"line":57,"column":0},"end":{"line":57,"column":16}},"57":{"start":{"line":58,"column":0},"end":{"line":58,"column":16}},"58":{"start":{"line":59,"column":0},"end":{"line":59,"column":55}},"59":{"start":{"line":60,"column":0},"end":{"line":60,"column":36}},"60":{"start":{"line":61,"column":0},"end":{"line":61,"column":26}},"61":{"start":{"line":62,"column":0},"end":{"line":62,"column":42}},"62":{"start":{"line":63,"column":0},"end":{"line":63,"column":3}},"65":{"start":{"line":66,"column":0},"end":{"line":66,"column":23}},"66":{"start":{"line":67,"column":0},"end":{"line":67,"column":46}},"67":{"start":{"line":68,"column":0},"end":{"line":68,"column":30}},"68":{"start":{"line":69,"column":0},"end":{"line":69,"column":20}},"69":{"start":{"line":70,"column":0},"end":{"line":70,"column":28}},"70":{"start":{"line":71,"column":0},"end":{"line":71,"column":33}},"71":{"start":{"line":72,"column":0},"end":{"line":72,"column":48}},"74":{"start":{"line":75,"column":0},"end":{"line":75,"column":41}},"75":{"start":{"line":76,"column":0},"end":{"line":76,"column":35}},"76":{"start":{"line":77,"column":0},"end":{"line":77,"column":31}},"77":{"start":{"line":78,"column":0},"end":{"line":78,"column":24}},"78":{"start":{"line":79,"column":0},"end":{"line":79,"column":64}},"79":{"start":{"line":80,"column":0},"end":{"line":80,"column":28}},"82":{"start":{"line":83,"column":0},"end":{"line":83,"column":49}},"83":{"start":{"line":84,"column":0},"end":{"line":84,"column":32}},"84":{"start":{"line":85,"column":0},"end":{"line":85,"column":116}},"87":{"start":{"line":88,"column":0},"end":{"line":88,"column":51}},"88":{"start":{"line":89,"column":0},"end":{"line":89,"column":19}},"89":{"start":{"line":90,"column":0},"end":{"line":90,"column":46}},"90":{"start":{"line":91,"column":0},"end":{"line":91,"column":22}},"91":{"start":{"line":92,"column":0},"end":{"line":92,"column":26}},"92":{"start":{"line":93,"column":0},"end":{"line":93,"column":37}},"93":{"start":{"line":94,"column":0},"end":{"line":94,"column":39}},"94":{"start":{"line":95,"column":0},"end":{"line":95,"column":39}},"95":{"start":{"line":96,"column":0},"end":{"line":96,"column":24}},"96":{"start":{"line":97,"column":0},"end":{"line":97,"column":7}},"97":{"start":{"line":98,"column":0},"end":{"line":98,"column":3}},"99":{"start":{"line":100,"column":0},"end":{"line":100,"column":43}},"100":{"start":{"line":101,"column":0},"end":{"line":101,"column":1}}},"s":{"0":1,"30":1,"31":1,"32":1,"33":1,"34":1,"35":1,"36":1,"41":24,"42":24,"43":24,"54":1,"55":24,"56":24,"57":24,"58":24,"59":24,"60":24,"61":0,"62":0,"65":24,"66":24,"67":24,"68":24,"69":24,"70":0,"71":0,"74":24,"75":24,"76":24,"77":24,"78":24,"79":24,"82":24,"83":24,"84":24,"87":24,"88":24,"89":24,"90":24,"91":24,"92":24,"93":24,"94":24,"95":24,"96":24,"97":24,"99":24,"100":24},"branchMap":{"0":{"type":"branch","line":42,"loc":{"start":{"line":42,"column":0},"end":{"line":44,"column":1}},"locations":[{"start":{"line":42,"column":0},"end":{"line":44,"column":1}}]},"1":{"type":"branch","line":43,"loc":{"start":{"line":43,"column":30},"end":{"line":43,"column":79}},"locations":[{"start":{"line":43,"column":30},"end":{"line":43,"column":79}}]},"2":{"type":"branch","line":43,"loc":{"start":{"line":43,"column":48},"end":{"line":43,"column":79}},"locations":[{"start":{"line":43,"column":48},"end":{"line":43,"column":79}}]},"3":{"type":"branch","line":55,"loc":{"start":{"line":55,"column":7},"end":{"line":101,"column":1}},"locations":[{"start":{"line":55,"column":7},"end":{"line":101,"column":1}}]},"4":{"type":"branch","line":61,"loc":{"start":{"line":61,"column":25},"end":{"line":63,"column":3}},"locations":[{"start":{"line":61,"column":25},"end":{"line":63,"column":3}}]},"5":{"type":"branch","line":70,"loc":{"start":{"line":70,"column":26},"end":{"line":72,"column":48}},"locations":[{"start":{"line":70,"column":26},"end":{"line":72,"column":48}}]}},"b":{"0":[24],"1":[120],"2":[24],"3":[24],"4":[0],"5":[0]},"fnMap":{"0":{"name":"eligibleSpecs","decl":{"start":{"line":42,"column":0},"end":{"line":44,"column":1}},"loc":{"start":{"line":42,"column":0},"end":{"line":44,"column":1}},"line":42},"1":{"name":"generateEncounter","decl":{"start":{"line":55,"column":7},"end":{"line":101,"column":1}},"loc":{"start":{"line":55,"column":7},"end":{"line":101,"column":1}},"line":55}},"f":{"0":24,"1":24}}
,"G:\\HermesProjects\\baigui-web\\src\\core\\sim\\items.ts": {"path":"G:\\HermesProjects\\baigui-web\\src\\core\\sim\\items.ts","all":false,"statementMap":{"23":{"start":{"line":24,"column":0},"end":{"line":24,"column":43}},"24":{"start":{"line":25,"column":0},"end":{"line":25,"column":3}},"25":{"start":{"line":26,"column":0},"end":{"line":26,"column":22}},"26":{"start":{"line":27,"column":0},"end":{"line":27,"column":16}},"27":{"start":{"line":28,"column":0},"end":{"line":28,"column":19}},"28":{"start":{"line":29,"column":0},"end":{"line":29,"column":40}},"29":{"start":{"line":30,"column":0},"end":{"line":30,"column":21}},"30":{"start":{"line":31,"column":0},"end":{"line":31,"column":4}},"31":{"start":{"line":32,"column":0},"end":{"line":32,"column":3}},"32":{"start":{"line":33,"column":0},"end":{"line":33,"column":21}},"33":{"start":{"line":34,"column":0},"end":{"line":34,"column":17}},"34":{"start":{"line":35,"column":0},"end":{"line":35,"column":19}},"35":{"start":{"line":36,"column":0},"end":{"line":36,"column":40}},"36":{"start":{"line":37,"column":0},"end":{"line":37,"column":21}},"37":{"start":{"line":38,"column":0},"end":{"line":38,"column":4}},"38":{"start":{"line":39,"column":0},"end":{"line":39,"column":3}},"39":{"start":{"line":40,"column":0},"end":{"line":40,"column":21}},"40":{"start":{"line":41,"column":0},"end":{"line":41,"column":16}},"41":{"start":{"line":42,"column":0},"end":{"line":42,"column":19}},"42":{"start":{"line":43,"column":0},"end":{"line":43,"column":41}},"43":{"start":{"line":44,"column":0},"end":{"line":44,"column":19}},"44":{"start":{"line":45,"column":0},"end":{"line":45,"column":4}},"45":{"start":{"line":46,"column":0},"end":{"line":46,"column":3}},"46":{"start":{"line":47,"column":0},"end":{"line":47,"column":26}},"47":{"start":{"line":48,"column":0},"end":{"line":48,"column":16}},"48":{"start":{"line":49,"column":0},"end":{"line":49,"column":19}},"49":{"start":{"line":50,"column":0},"end":{"line":50,"column":41}},"50":{"start":{"line":51,"column":0},"end":{"line":51,"column":24}},"51":{"start":{"line":52,"column":0},"end":{"line":52,"column":4}},"52":{"start":{"line":53,"column":0},"end":{"line":53,"column":3}},"53":{"start":{"line":54,"column":0},"end":{"line":54,"column":22}},"54":{"start":{"line":55,"column":0},"end":{"line":55,"column":15}},"55":{"start":{"line":56,"column":0},"end":{"line":56,"column":18}},"56":{"start":{"line":57,"column":0},"end":{"line":57,"column":40}},"57":{"start":{"line":58,"column":0},"end":{"line":58,"column":21}},"58":{"start":{"line":59,"column":0},"end":{"line":59,"column":4}},"59":{"start":{"line":60,"column":0},"end":{"line":60,"column":3}},"60":{"start":{"line":61,"column":0},"end":{"line":61,"column":24}},"61":{"start":{"line":62,"column":0},"end":{"line":62,"column":15}},"62":{"start":{"line":63,"column":0},"end":{"line":63,"column":18}},"63":{"start":{"line":64,"column":0},"end":{"line":64,"column":40}},"64":{"start":{"line":65,"column":0},"end":{"line":65,"column":21}},"65":{"start":{"line":66,"column":0},"end":{"line":66,"column":4}},"66":{"start":{"line":67,"column":0},"end":{"line":67,"column":3}},"67":{"start":{"line":68,"column":0},"end":{"line":68,"column":22}},"68":{"start":{"line":69,"column":0},"end":{"line":69,"column":17}},"69":{"start":{"line":70,"column":0},"end":{"line":70,"column":18}},"70":{"start":{"line":71,"column":0},"end":{"line":71,"column":40}},"71":{"start":{"line":72,"column":0},"end":{"line":72,"column":19}},"72":{"start":{"line":73,"column":0},"end":{"line":73,"column":4}},"73":{"start":{"line":74,"column":0},"end":{"line":74,"column":3}},"74":{"start":{"line":75,"column":0},"end":{"line":75,"column":22}},"75":{"start":{"line":76,"column":0},"end":{"line":76,"column":16}},"76":{"start":{"line":77,"column":0},"end":{"line":77,"column":17}},"77":{"start":{"line":78,"column":0},"end":{"line":78,"column":66}},"78":{"start":{"line":79,"column":0},"end":{"line":79,"column":21}},"79":{"start":{"line":80,"column":0},"end":{"line":80,"column":4}},"80":{"start":{"line":81,"column":0},"end":{"line":81,"column":3}},"81":{"start":{"line":82,"column":0},"end":{"line":82,"column":21}},"82":{"start":{"line":83,"column":0},"end":{"line":83,"column":16}},"83":{"start":{"line":84,"column":0},"end":{"line":84,"column":22}},"84":{"start":{"line":85,"column":0},"end":{"line":85,"column":66}},"85":{"start":{"line":86,"column":0},"end":{"line":86,"column":19}},"86":{"start":{"line":87,"column":0},"end":{"line":87,"column":4}},"87":{"start":{"line":88,"column":0},"end":{"line":88,"column":2}},"90":{"start":{"line":91,"column":0},"end":{"line":91,"column":71}},"91":{"start":{"line":92,"column":0},"end":{"line":92,"column":47}},"92":{"start":{"line":93,"column":0},"end":{"line":93,"column":1}},"98":{"start":{"line":99,"column":0},"end":{"line":99,"column":27}},"99":{"start":{"line":100,"column":0},"end":{"line":100,"column":48}},"100":{"start":{"line":101,"column":0},"end":{"line":101,"column":45}},"101":{"start":{"line":102,"column":0},"end":{"line":102,"column":14}},"102":{"start":{"line":103,"column":0},"end":{"line":103,"column":14}},"103":{"start":{"line":104,"column":0},"end":{"line":104,"column":13}},"104":{"start":{"line":105,"column":0},"end":{"line":105,"column":61}},"105":{"start":{"line":106,"column":0},"end":{"line":106,"column":35}},"106":{"start":{"line":107,"column":0},"end":{"line":107,"column":26}},"107":{"start":{"line":108,"column":0},"end":{"line":108,"column":40}},"108":{"start":{"line":109,"column":0},"end":{"line":109,"column":23}},"109":{"start":{"line":110,"column":0},"end":{"line":110,"column":34}},"110":{"start":{"line":111,"column":0},"end":{"line":111,"column":42}},"111":{"start":{"line":112,"column":0},"end":{"line":112,"column":47}},"112":{"start":{"line":113,"column":0},"end":{"line":113,"column":45}},"113":{"start":{"line":114,"column":0},"end":{"line":114,"column":5}},"114":{"start":{"line":115,"column":0},"end":{"line":115,"column":3}},"115":{"start":{"line":116,"column":0},"end":{"line":116,"column":26}},"116":{"start":{"line":117,"column":0},"end":{"line":117,"column":1}},"142":{"start":{"line":143,"column":0},"end":{"line":143,"column":23}},"143":{"start":{"line":144,"column":0},"end":{"line":144,"column":19}},"144":{"start":{"line":145,"column":0},"end":{"line":145,"column":21}},"145":{"start":{"line":146,"column":0},"end":{"line":146,"column":19}},"146":{"start":{"line":147,"column":0},"end":{"line":147,"column":17}},"147":{"start":{"line":148,"column":0},"end":{"line":148,"column":42}},"148":{"start":{"line":149,"column":0},"end":{"line":149,"column":38}},"150":{"start":{"line":151,"column":0},"end":{"line":151,"column":16}},"151":{"start":{"line":152,"column":0},"end":{"line":152,"column":12}},"152":{"start":{"line":153,"column":0},"end":{"line":153,"column":17}},"153":{"start":{"line":154,"column":0},"end":{"line":154,"column":22}},"154":{"start":{"line":155,"column":0},"end":{"line":155,"column":6}},"155":{"start":{"line":156,"column":0},"end":{"line":156,"column":3}},"156":{"start":{"line":157,"column":0},"end":{"line":157,"column":38}},"157":{"start":{"line":158,"column":0},"end":{"line":158,"column":12}},"158":{"start":{"line":159,"column":0},"end":{"line":159,"column":17}},"159":{"start":{"line":160,"column":0},"end":{"line":160,"column":22}},"160":{"start":{"line":161,"column":0},"end":{"line":161,"column":6}},"161":{"start":{"line":162,"column":0},"end":{"line":162,"column":3}},"162":{"start":{"line":163,"column":0},"end":{"line":163,"column":36}},"163":{"start":{"line":164,"column":0},"end":{"line":164,"column":12}},"164":{"start":{"line":165,"column":0},"end":{"line":165,"column":17}},"165":{"start":{"line":166,"column":0},"end":{"line":166,"column":22}},"166":{"start":{"line":167,"column":0},"end":{"line":167,"column":6}},"167":{"start":{"line":168,"column":0},"end":{"line":168,"column":3}},"168":{"start":{"line":169,"column":0},"end":{"line":169,"column":40}},"169":{"start":{"line":170,"column":0},"end":{"line":170,"column":42}},"170":{"start":{"line":171,"column":0},"end":{"line":171,"column":13}},"171":{"start":{"line":172,"column":0},"end":{"line":172,"column":12}},"172":{"start":{"line":173,"column":0},"end":{"line":173,"column":17}},"173":{"start":{"line":174,"column":0},"end":{"line":174,"column":22}},"174":{"start":{"line":175,"column":0},"end":{"line":175,"column":6}},"175":{"start":{"line":176,"column":0},"end":{"line":176,"column":3}},"178":{"start":{"line":179,"column":0},"end":{"line":179,"column":46}},"179":{"start":{"line":180,"column":0},"end":{"line":180,"column":45}},"180":{"start":{"line":181,"column":0},"end":{"line":181,"column":17}},"182":{"start":{"line":183,"column":0},"end":{"line":183,"column":32}},"183":{"start":{"line":184,"column":0},"end":{"line":184,"column":3}},"185":{"start":{"line":186,"column":0},"end":{"line":186,"column":60}},"186":{"start":{"line":187,"column":0},"end":{"line":187,"column":24}},"187":{"start":{"line":188,"column":0},"end":{"line":188,"column":27}},"188":{"start":{"line":189,"column":0},"end":{"line":189,"column":4}},"193":{"start":{"line":194,"column":0},"end":{"line":194,"column":50}},"194":{"start":{"line":195,"column":0},"end":{"line":195,"column":46}},"195":{"start":{"line":196,"column":0},"end":{"line":196,"column":46}},"196":{"start":{"line":197,"column":0},"end":{"line":197,"column":49}},"197":{"start":{"line":198,"column":0},"end":{"line":198,"column":44}},"199":{"start":{"line":200,"column":0},"end":{"line":200,"column":32}},"200":{"start":{"line":201,"column":0},"end":{"line":201,"column":14}},"201":{"start":{"line":202,"column":0},"end":{"line":202,"column":28}},"202":{"start":{"line":203,"column":0},"end":{"line":203,"column":28}},"203":{"start":{"line":204,"column":0},"end":{"line":204,"column":32}},"204":{"start":{"line":205,"column":0},"end":{"line":205,"column":32}},"205":{"start":{"line":206,"column":0},"end":{"line":206,"column":35}},"206":{"start":{"line":207,"column":0},"end":{"line":207,"column":53}},"207":{"start":{"line":208,"column":0},"end":{"line":208,"column":4}},"209":{"start":{"line":210,"column":0},"end":{"line":210,"column":73}},"210":{"start":{"line":211,"column":0},"end":{"line":211,"column":36}},"211":{"start":{"line":212,"column":0},"end":{"line":212,"column":29}},"213":{"start":{"line":214,"column":0},"end":{"line":214,"column":44}},"214":{"start":{"line":215,"column":0},"end":{"line":215,"column":17}},"215":{"start":{"line":216,"column":0},"end":{"line":216,"column":17}},"216":{"start":{"line":217,"column":0},"end":{"line":217,"column":25}},"217":{"start":{"line":218,"column":0},"end":{"line":218,"column":23}},"218":{"start":{"line":219,"column":0},"end":{"line":219,"column":19}},"219":{"start":{"line":220,"column":0},"end":{"line":220,"column":71}},"220":{"start":{"line":221,"column":0},"end":{"line":221,"column":23}},"221":{"start":{"line":222,"column":0},"end":{"line":222,"column":7}},"222":{"start":{"line":223,"column":0},"end":{"line":223,"column":3}},"223":{"start":{"line":224,"column":0},"end":{"line":224,"column":15}},"224":{"start":{"line":225,"column":0},"end":{"line":225,"column":19}},"225":{"start":{"line":226,"column":0},"end":{"line":226,"column":21}},"226":{"start":{"line":227,"column":0},"end":{"line":227,"column":17}},"227":{"start":{"line":228,"column":0},"end":{"line":228,"column":67}},"228":{"start":{"line":229,"column":0},"end":{"line":229,"column":21}},"229":{"start":{"line":230,"column":0},"end":{"line":230,"column":5}},"231":{"start":{"line":232,"column":0},"end":{"line":232,"column":10}},"232":{"start":{"line":233,"column":0},"end":{"line":233,"column":11}},"233":{"start":{"line":234,"column":0},"end":{"line":234,"column":50}},"234":{"start":{"line":235,"column":0},"end":{"line":235,"column":4}},"235":{"start":{"line":236,"column":0},"end":{"line":236,"column":1}}},"s":{"23":1,"24":1,"25":1,"26":1,"27":1,"28":1,"29":1,"30":1,"31":1,"32":1,"33":1,"34":1,"35":1,"36":1,"37":1,"38":1,"39":1,"40":1,"41":1,"42":1,"43":1,"44":1,"45":1,"46":1,"47":1,"48":1,"49":1,"50":1,"51":1,"52":1,"53":1,"54":1,"55":1,"56":1,"57":1,"58":1,"59":1,"60":1,"61":1,"62":1,"63":1,"64":1,"65":1,"66":1,"67":1,"68":1,"69":1,"70":1,"71":1,"72":1,"73":1,"74":1,"75":1,"76":1,"77":1,"78":1,"79":1,"80":1,"81":1,"82":1,"83":1,"84":1,"85":1,"86":1,"87":1,"90":1,"91":16,"92":16,"98":1,"99":11,"100":11,"101":11,"102":11,"103":11,"104":11,"105":9,"106":9,"107":9,"108":9,"109":9,"110":10,"111":3,"112":1,"113":10,"114":9,"115":11,"116":11,"142":1,"143":7,"144":7,"145":7,"146":7,"147":7,"148":7,"150":7,"151":1,"152":1,"153":1,"154":1,"155":1,"156":7,"157":1,"158":1,"159":1,"160":1,"161":1,"162":7,"163":0,"164":0,"165":0,"166":0,"167":0,"168":5,"169":5,"170":7,"171":0,"172":0,"173":0,"174":0,"175":0,"178":5,"179":5,"180":7,"182":1,"183":1,"185":5,"186":5,"187":5,"188":5,"193":5,"194":5,"195":5,"196":5,"197":5,"199":5,"200":5,"201":5,"202":5,"203":5,"204":5,"205":5,"206":5,"207":5,"209":5,"210":5,"211":5,"213":5,"214":7,"215":1,"216":1,"217":1,"218":1,"219":1,"220":1,"221":1,"222":1,"223":5,"224":5,"225":5,"226":5,"227":5,"228":5,"229":5,"231":5,"232":5,"233":5,"234":5,"235":5},"branchMap":{"0":{"type":"branch","line":91,"loc":{"start":{"line":91,"column":7},"end":{"line":93,"column":1}},"locations":[{"start":{"line":91,"column":7},"end":{"line":93,"column":1}}]},"1":{"type":"branch","line":92,"loc":{"start":{"line":92,"column":25},"end":{"line":92,"column":45}},"locations":[{"start":{"line":92,"column":25},"end":{"line":92,"column":45}}]},"2":{"type":"branch","line":99,"loc":{"start":{"line":99,"column":7},"end":{"line":117,"column":1}},"locations":[{"start":{"line":99,"column":7},"end":{"line":117,"column":1}}]},"3":{"type":"branch","line":105,"loc":{"start":{"line":105,"column":60},"end":{"line":115,"column":3}},"locations":[{"start":{"line":105,"column":60},"end":{"line":115,"column":3}}]},"4":{"type":"branch","line":107,"loc":{"start":{"line":107,"column":17},"end":{"line":107,"column":26}},"locations":[{"start":{"line":107,"column":17},"end":{"line":107,"column":26}}]},"5":{"type":"branch","line":109,"loc":{"start":{"line":109,"column":14},"end":{"line":109,"column":23}},"locations":[{"start":{"line":109,"column":14},"end":{"line":109,"column":23}}]},"6":{"type":"branch","line":110,"loc":{"start":{"line":110,"column":33},"end":{"line":114,"column":5}},"locations":[{"start":{"line":110,"column":33},"end":{"line":114,"column":5}}]},"7":{"type":"branch","line":111,"loc":{"start":{"line":111,"column":27},"end":{"line":111,"column":42}},"locations":[{"start":{"line":111,"column":27},"end":{"line":111,"column":42}}]},"8":{"type":"branch","line":111,"loc":{"start":{"line":111,"column":36},"end":{"line":113,"column":45}},"locations":[{"start":{"line":111,"column":36},"end":{"line":113,"column":45}}]},"9":{"type":"branch","line":112,"loc":{"start":{"line":112,"column":32},"end":{"line":112,"column":47}},"locations":[{"start":{"line":112,"column":32},"end":{"line":112,"column":47}}]},"10":{"type":"branch","line":112,"loc":{"start":{"line":112,"column":41},"end":{"line":113,"column":45}},"locations":[{"start":{"line":112,"column":41},"end":{"line":113,"column":45}}]},"11":{"type":"branch","line":143,"loc":{"start":{"line":143,"column":7},"end":{"line":236,"column":1}},"locations":[{"start":{"line":143,"column":7},"end":{"line":236,"column":1}}]},"12":{"type":"branch","line":151,"loc":{"start":{"line":151,"column":15},"end":{"line":156,"column":3}},"locations":[{"start":{"line":151,"column":15},"end":{"line":156,"column":3}}]},"13":{"type":"branch","line":156,"loc":{"start":{"line":156,"column":2},"end":{"line":157,"column":15}},"locations":[{"start":{"line":156,"column":2},"end":{"line":157,"column":15}}]},"14":{"type":"branch","line":157,"loc":{"start":{"line":157,"column":7},"end":{"line":157,"column":37}},"locations":[{"start":{"line":157,"column":7},"end":{"line":157,"column":37}}]},"15":{"type":"branch","line":157,"loc":{"start":{"line":157,"column":37},"end":{"line":162,"column":3}},"locations":[{"start":{"line":157,"column":37},"end":{"line":162,"column":3}}]},"16":{"type":"branch","line":162,"loc":{"start":{"line":162,"column":2},"end":{"line":163,"column":35}},"locations":[{"start":{"line":162,"column":2},"end":{"line":163,"column":35}}]},"17":{"type":"branch","line":163,"loc":{"start":{"line":163,"column":35},"end":{"line":168,"column":3}},"locations":[{"start":{"line":163,"column":35},"end":{"line":168,"column":3}}]},"18":{"type":"branch","line":168,"loc":{"start":{"line":168,"column":2},"end":{"line":171,"column":12}},"locations":[{"start":{"line":168,"column":2},"end":{"line":171,"column":12}}]},"19":{"type":"branch","line":171,"loc":{"start":{"line":171,"column":12},"end":{"line":176,"column":3}},"locations":[{"start":{"line":171,"column":12},"end":{"line":176,"column":3}}]},"20":{"type":"branch","line":176,"loc":{"start":{"line":176,"column":2},"end":{"line":181,"column":16}},"locations":[{"start":{"line":176,"column":2},"end":{"line":181,"column":16}}]},"21":{"type":"branch","line":181,"loc":{"start":{"line":181,"column":16},"end":{"line":184,"column":3}},"locations":[{"start":{"line":181,"column":16},"end":{"line":184,"column":3}}]},"22":{"type":"branch","line":184,"loc":{"start":{"line":184,"column":2},"end":{"line":215,"column":16}},"locations":[{"start":{"line":184,"column":2},"end":{"line":215,"column":16}}]},"23":{"type":"branch","line":215,"loc":{"start":{"line":215,"column":16},"end":{"line":223,"column":3}},"locations":[{"start":{"line":215,"column":16},"end":{"line":223,"column":3}}]},"24":{"type":"branch","line":223,"loc":{"start":{"line":223,"column":2},"end":{"line":236,"column":1}},"locations":[{"start":{"line":223,"column":2},"end":{"line":236,"column":1}}]}},"b":{"0":[16],"1":[54],"2":[11],"3":[9],"4":[0],"5":[0],"6":[10],"7":[7],"8":[3],"9":[2],"10":[1],"11":[7],"12":[1],"13":[6],"14":[5],"15":[1],"16":[5],"17":[0],"18":[5],"19":[0],"20":[5],"21":[1],"22":[5],"23":[1],"24":[5]},"fnMap":{"0":{"name":"getItemTemplate","decl":{"start":{"line":91,"column":7},"end":{"line":93,"column":1}},"loc":{"start":{"line":91,"column":7},"end":{"line":93,"column":1}},"line":91},"1":{"name":"sumAffixes","decl":{"start":{"line":99,"column":7},"end":{"line":117,"column":1}},"loc":{"start":{"line":99,"column":7},"end":{"line":117,"column":1}},"line":99},"2":{"name":"pickup","decl":{"start":{"line":143,"column":7},"end":{"line":236,"column":1}},"loc":{"start":{"line":143,"column":7},"end":{"line":236,"column":1}},"line":143}},"f":{"0":16,"1":11,"2":7}}
,"G:\\HermesProjects\\baigui-web\\src\\core\\sim\\movement.ts": {"path":"G:\\HermesProjects\\baigui-web\\src\\core\\sim\\movement.ts","all":false,"statementMap":{"28":{"start":{"line":29,"column":0},"end":{"line":29,"column":67}},"29":{"start":{"line":30,"column":0},"end":{"line":30,"column":33}},"30":{"start":{"line":31,"column":0},"end":{"line":31,"column":44}},"31":{"start":{"line":32,"column":0},"end":{"line":32,"column":3}},"32":{"start":{"line":33,"column":0},"end":{"line":33,"column":15}},"33":{"start":{"line":34,"column":0},"end":{"line":34,"column":1}},"36":{"start":{"line":37,"column":0},"end":{"line":37,"column":19}},"37":{"start":{"line":38,"column":0},"end":{"line":38,"column":19}},"38":{"start":{"line":39,"column":0},"end":{"line":39,"column":12}},"39":{"start":{"line":40,"column":0},"end":{"line":40,"column":12}},"40":{"start":{"line":41,"column":0},"end":{"line":41,"column":19}},"41":{"start":{"line":42,"column":0},"end":{"line":42,"column":21}},"42":{"start":{"line":43,"column":0},"end":{"line":43,"column":63}},"43":{"start":{"line":44,"column":0},"end":{"line":44,"column":32}},"44":{"start":{"line":45,"column":0},"end":{"line":45,"column":34}},"45":{"start":{"line":46,"column":0},"end":{"line":46,"column":49}},"46":{"start":{"line":47,"column":0},"end":{"line":47,"column":62}},"48":{"start":{"line":49,"column":0},"end":{"line":49,"column":3}},"49":{"start":{"line":50,"column":0},"end":{"line":50,"column":14}},"50":{"start":{"line":51,"column":0},"end":{"line":51,"column":1}},"64":{"start":{"line":65,"column":0},"end":{"line":65,"column":27}},"65":{"start":{"line":66,"column":0},"end":{"line":66,"column":19}},"66":{"start":{"line":67,"column":0},"end":{"line":67,"column":21}},"67":{"start":{"line":68,"column":0},"end":{"line":68,"column":13}},"68":{"start":{"line":69,"column":0},"end":{"line":69,"column":13}},"69":{"start":{"line":70,"column":0},"end":{"line":70,"column":20}},"70":{"start":{"line":71,"column":0},"end":{"line":71,"column":15}},"71":{"start":{"line":72,"column":0},"end":{"line":72,"column":42}},"72":{"start":{"line":73,"column":0},"end":{"line":73,"column":16}},"73":{"start":{"line":74,"column":0},"end":{"line":74,"column":43}},"74":{"start":{"line":75,"column":0},"end":{"line":75,"column":3}},"76":{"start":{"line":77,"column":0},"end":{"line":77,"column":23}},"77":{"start":{"line":78,"column":0},"end":{"line":78,"column":43}},"78":{"start":{"line":79,"column":0},"end":{"line":79,"column":3}},"80":{"start":{"line":81,"column":0},"end":{"line":81,"column":27}},"81":{"start":{"line":82,"column":0},"end":{"line":82,"column":27}},"82":{"start":{"line":83,"column":0},"end":{"line":83,"column":20}},"83":{"start":{"line":84,"column":0},"end":{"line":84,"column":30}},"84":{"start":{"line":85,"column":0},"end":{"line":85,"column":31}},"85":{"start":{"line":86,"column":0},"end":{"line":86,"column":29}},"86":{"start":{"line":87,"column":0},"end":{"line":87,"column":20}},"87":{"start":{"line":88,"column":0},"end":{"line":88,"column":43}},"88":{"start":{"line":89,"column":0},"end":{"line":89,"column":3}},"90":{"start":{"line":91,"column":0},"end":{"line":91,"column":33}},"91":{"start":{"line":92,"column":0},"end":{"line":92,"column":33}},"94":{"start":{"line":95,"column":0},"end":{"line":95,"column":88}},"95":{"start":{"line":96,"column":0},"end":{"line":96,"column":43}},"96":{"start":{"line":97,"column":0},"end":{"line":97,"column":3}},"98":{"start":{"line":99,"column":0},"end":{"line":99,"column":55}},"99":{"start":{"line":100,"column":0},"end":{"line":100,"column":43}},"100":{"start":{"line":101,"column":0},"end":{"line":101,"column":3}},"102":{"start":{"line":103,"column":0},"end":{"line":103,"column":47}},"103":{"start":{"line":104,"column":0},"end":{"line":104,"column":43}},"104":{"start
[...]
115,"column":29},"end":{"line":115,"column":51}},"locations":[{"start":{"line":115,"column":29},"end":{"line":115,"column":51}}]},"4":{"type":"branch","line":128,"loc":{"start":{"line":128,"column":36},"end":{"line":130,"column":5}},"locations":[{"start":{"line":128,"column":36},"end":{"line":130,"column":5}}]},"5":{"type":"branch","line":136,"loc":{"start":{"line":136,"column":2},"end":{"line":142,"column":3}},"locations":[{"start":{"line":136,"column":2},"end":{"line":142,"column":3}}]},"6":{"type":"branch","line":137,"loc":{"start":{"line":137,"column":33},"end":{"line":138,"column":45}},"locations":[{"start":{"line":137,"column":33},"end":{"line":138,"column":45}}]},"7":{"type":"branch","line":137,"loc":{"start":{"line":137,"column":33},"end":{"line":137,"column":63}},"locations":[{"start":{"line":137,"column":33},"end":{"line":137,"column":63}}]},"8":{"type":"branch","line":138,"loc":{"start":{"line":138,"column":38},"end":{"line":138,"column":45}},"locations":[{"start":{"line":138,"column":38},"end":{"line":138,"column":45}}]},"9":{"type":"branch","line":138,"loc":{"start":{"line":138,"column":38},"end":{"line":141,"column":76}},"locations":[{"start":{"line":138,"column":38},"end":{"line":141,"column":76}}]},"10":{"type":"branch","line":145,"loc":{"start":{"line":145,"column":2},"end":{"line":147,"column":3}},"locations":[{"start":{"line":145,"column":2},"end":{"line":147,"column":3}}]},"11":{"type":"branch","line":150,"loc":{"start":{"line":150,"column":2},"end":{"line":152,"column":3}},"locations":[{"start":{"line":150,"column":2},"end":{"line":152,"column":3}}]},"12":{"type":"branch","line":163,"loc":{"start":{"line":163,"column":2},"end":{"line":207,"column":3}},"locations":[{"start":{"line":163,"column":2},"end":{"line":207,"column":3}}]},"13":{"type":"branch","line":167,"loc":{"start":{"line":167,"column":23},"end":{"line":177,"column":6}},"locations":[{"start":{"line":167,"column":23},"end":{"line":177,"column":6}}]},"14":{"type":"branch","line":179,"loc":{"start":{"line":179,"column":21},"end":{"line":198,"column":6}},"locations":[{"start":{"line":179,"column":21},"end":{"line":198,"column":6}}]},"15":{"type":"branch","line":180,"loc":{"start":{"line":180,"column":35},"end":{"line":180,"column":42}},"locations":[{"start":{"line":180,"column":35},"end":{"line":180,"column":42}}]},"16":{"type":"branch","line":188,"loc":{"start":{"line":188,"column":34},"end":{"line":192,"column":7}},"locations":[{"start":{"line":188,"column":34},"end":{"line":192,"column":7}}]},"17":{"type":"branch","line":195,"loc":{"start":{"line":195,"column":33},"end":{"line":195,"column":58}},"locations":[{"start":{"line":195,"column":33},"end":{"line":195,"column":58}}]},"18":{"type":"branch","line":195,"loc":{"start":{"line":195,"column":58},"end":{"line":197,"column":7}},"locations":[{"start":{"line":195,"column":58},"end":{"line":197,"column":7}}]},"19":{"type":"branch","line":200,"loc":{"start":{"line":200,"column":21},"end":{"line":206,"column":6}},"locations":[{"start":{"line":200,"column":21},"end":{"line":206,"column":6}}]},"20":{"type":"branch","line":210,"loc":{"start":{"line":210,"column":2},"end":{"line":215,"column":3}},"locations":[{"start":{"line":210,"column":2},"end":{"line":215,"column":3}}]},"21":{"type":"branch","line":211,"loc":{"start":{"line":211,"column":38},"end":{"line":214,"column":5}},"locations":[{"start":{"line":211,"column":38},"end":{"line":214,"column":5}}]},"22":{"type":"branch","line":218,"loc":{"start":{"line":218,"column":2},"end":{"line":226,"column":3}},"locations":[{"start":{"line":218,"column":2},"end":{"line":226,"column":3}}]},"23":{"type":"branch","line":219,"loc":{"start":{"line":219,"column":33},"end":{"line":224,"column":5}},"locations":[{"start":{"line":219,"column":33},"end":{"line":224,"column":5}}]},"24":{"type":"branch","line":224,"loc":{"start":{"line":224,"column":4},"end":{"line":225,"column":37}},"locations":[{"start":{"line":224,"column":4},"end":{"line":225,"column":37}}]},"25":{"type":"branch","line":229,"loc":{"start":{"line":229,"column":2},"end":{"line":235,"column":3}},"locations":[{"start":{"line":229,"column":2},"end":{"line":235,"column":3}}]},"26":{"type":"branch","line":238,"loc":{"start":{"line":238,"column":2},"end":{"line":240,"column":3}},"locations":[{"start":{"line":238,"column":2},"end":{"line":240,"column":3}}]},"27":{"type":"branch","line":243,"loc":{"start":{"line":243,"column":2},"end":{"line":245,"column":3}},"locations":[{"start":{"line":243,"column":2},"end":{"line":245,"column":3}}]},"28":{"type":"branch","line":248,"loc":{"start":{"line":248,"column":2},"end":{"line":262,"column":3}},"locations":[{"start":{"line":248,"column":2},"end":{"line":262,"column":3}}]},"29":{"type":"branch","line":249,"loc":{"start":{"line":249,"column":29},"end":{"line":249,"column":59}},"locations":[{"start":{"line":249,"column":29},"end":{"line":249,"column":59}}]},"30":{"type":"branch","line":249,"loc":{"start":{"line":249,"column":46},"end":{"line":249,"column":81}},"locations":[{"start":{"line":249,"column":46},"end":{"line":249,"column":81}}]},"31":{"type":"branch","line":251,"loc":{"start":{"line":251,"column":12},"end":{"line":251,"column":24}},"locations":[{"start":{"line":251,"column":12},"end":{"line":251,"column":24}}]},"32":{"type":"branch","line":265,"loc":{"start":{"line":265,"column":2},"end":{"line":267,"column":3}},"locations":[{"start":{"line":265,"column":2},"end":{"line":267,"column":3}}]},"33":{"type":"branch","line":280,"loc":{"start":{"line":280,"column":2},"end":{"line":303,"column":7}},"locations":[{"start":{"line":280,"column":2},"end":{"line":303,"column":7}}]},"34":{"type":"branch","line":283,"loc":{"start":{"line":283,"column":33},"end":{"line":286,"column":5}},"locations":[{"start":{"line":283,"column":33},"end":{"line":286,"column":5}}]},"35":{"type":"branch","line":288,"loc":{"start":{"line":288,"column":28},"end":{"line":288,"column":53}},"locations":[{"start":{"line":288,"column":28},"end":{"line":288,"column":53}}]},"36":{"type":"branch","line":306,"loc":{"start":{"line":306,"column":14},"end":{"line":370,"column":7}},"locations":[{"start":{"line":306,"column":14},"end":{"line":370,"column":7}}]},"37":{"type":"branch","line":307,"loc":{"start":{"line":307,"column":53},"end":{"line":307,"column":73}},"locations":[{"start":{"line":307,"column":53},"end":{"line":307,"column":73}}]},"38":{"type":"branch","line":328,"loc":{"start":{"line":328,"column":88},"end":{"line":328,"column":114}},"locations":[{"start":{"line":328,"column":88},"end":{"line":328,"column":114}}]},"39":{"type":"branch","line":349,"loc":{"start":{"line":349,"column":89},"end":{"line":369,"column":9}},"locations":[{"start":{"line":349,"column":89},"end":{"line":369,"column":9}}]},"40":{"type":"branch","line":361,"loc":{"start":{"line":361,"column":17},"end":{"line":361,"column":36}},"locations":[{"start":{"line":361,"column":17},"end":{"line":361,"column":36}}]},"41":{"type":"branch","line":361,"loc":{"start":{"line":361,"column":27},"end":{"line":361,"column":38}},"locations":[{"start":{"line":361,"column":27},"end":{"line":361,"column":38}}]},"42":{"type":"branch","line":362,"loc":{"start":{"line":362,"column":17},"end":{"line":362,"column":36}},"locations":[{"start":{"line":362,"column":17},"end":{"line":362,"column":36}}]},"43":{"type":"branch","line":362,"loc":{"start":{"line":362,"column":27},"end":{"line":362,"column":38}},"locations":[{"start":{"line":362,"column":27},"end":{"line":362,"column":38}}]},"44":{"type":"branch","line":353,"loc":{"start":{"line":353,"column":49},"end":{"line":353,"column":71}},"locations":[{"start":{"line":353,"column":49},"end":{"line":353,"column":71}}]},"45":{"type":"branch","line":354,"loc":{"start":{"line":354,"column":49},"end":{"line":354,"column":71}},"locations":[{"start":{"line":354,"column":49},"end":{"line":354,"column":71}}]},"46":{"type":"branch","line":433,"loc":{"start":{"line":433,"column":10},"end":{"line":479,"column":3}},"locations":[{"start":{"line":433,"column":10},"end":{"line":479,"column":3}}]},"47":{"type":"branch","line":435,"loc":{"start":{"line":435,"column":35},"end":{"line":435,"column":45}},"locations":[{"start":{"line":435,"column":35},"end":{"line":435,"column":45}}]},"48":{"type":"branch","line":435,"loc":{"start":{"line":435,"column":43},"end":{"line":441,"column":90}},"locations":[{"start":{"line":435,"column":43},"end":{"line":441,"column":90}}]},"49":{"type":"branch","line":441,"loc":{"start":{"line":441,"column":90},"end":{"line":476,"column":5}},"locations":[{"start":{"line":441,"column":90},"end":{"line":476,"column":5}}]},"50":{"type":"branch","line":442,"loc":{"start":{"line":442,"column":38},"end":{"line":442,"column":44}},"locations":[{"start":{"line":442,"column":38},"end":{"line":442,"column":44}}]},"51":{"type":"branch","line":443,"loc":{"start":{"line":443,"column":21},"end":{"line":443,"column":45}},"locations":[{"start":{"line":443,"column":21},"end":{"line":443,"column":45}}]},"52":{"type":"branch","line":443,"loc":{"start":{"line":443,"column":45},"end":{"line":443,"column":54}},"locations":[{"start":{"line":443,"column":45},"end":{"line":443,"column":54}}]},"53":{"type":"branch","line":443,"loc":{"start":{"line":443,"column":45},"end":{"line":449,"column":21}},"locations":[{"start":{"line":443,"column":45},"end":{"line":449,"column":21}}]},"54":{"type":"branch","line":449,"loc":{"start":{"line":449,"column":21},"end":{"line":474,"column":7}},"locations":[{"start":{"line":449,"column":21},"end":{"line":474,"column":7}}]},"55":{"type":"branch","line":461,"loc":{"start":{"line":461,"column":39},"end":{"line":461,"column":58}},"locations":[{"start":{"line":461,"column":39},"end":{"line":461,"column":58}}]},"56":{"type":"branch","line":461,"loc":{"start":{"line":461,"column":58},"end":{"line":467,"column":19}},"locations":[{"start":{"line":461,"column":58},"end":{"line":467,"column":19}}]},"57":{"type":"branch","line":474,"loc":{"start":{"line":474,"column":6},"end":{"line":476,"column":5}},"locations":[{"start":{"line":474,"column":6},"end":{"line":476,"column":5}}]},"58":{"type":"branch","line":476,"loc":{"start":{"line":476,"column":4},"end":{"line":478,"column":19}},"locations":[{"start":{"line":476,"column":4},"end":{"line":478,"column":19}}]},"59":{"type":"branch","line":486,"loc":{"start":{"line":486,"column":10},"end":{"line":502,"column":3}},"locations":[{"start":{"line":486,"column":10},"end":{"line":502,"column":3}}]},"60":{"type":"branch","line":488,"loc":{"start":{"line":488,"column":35},"end":{"line":488,"column":45}},"locations":[{"start":{"line":488,"column":35},"end":{"line":488,"column":45}}]},"61":{"type":"branch","line":491,"loc":{"start":{"line":491,"column":90},"end":{"line":500,"column":5}},"locations":[{"start":{"line":491,"column":90},"end":{"line":500,"column":5}}]},"62":{"type":"branch","line":492,"loc":{"start":{"line":492,"column":29},"end":{"line":492,"column":38}},"locations":[{"start":{"line":492,"column":29},"end":{"line":492,"column":38}}]},"63":{"type":"branch","line":492,"loc":{"start":{"line":492,"column":29},"end":{"line":493,"column":38}},"locations":[{"start":{"line":492,"column":29},"end":{"line":493,"column":38}}]},"64":{"type":"branch","line":493,"loc":{"start":{"line":493,"column":33},"end":{"line":493,"column":64}},"locations":[{"start":{"line":493,"column":33},"end":{"line":493,"column":64}}]},"65":{"type":"branch","line":493,"loc":{"start":{"line":493,"column":64},"end":{"line":499,"column":7}},"locations":[{"start":{"line":493,"column":64},"end":{"line":499,"column":7}}]},"66":{"type":"branch","line":514,"loc":{"start":{"line":514,"column":0},"end":{"line":531,"column":1}},"locations":[{"start":{"line":514,"column":0},"end":{"line":531,"column":1}}]},"67":{"type":"branch","line":516,"loc":{"start":{"line":516,"column":4},"end":{"line":523,"column":5}},"locations":[{"start":{"line":516,"column":4},"end":{"line":523,"column":5}}]},"68":{"type":"branch","line":518,"loc":{"start":{"line":518,"column":17},"end":{"line":518,"column":33}},"locations":[{"start":{"line":518,"column":17},"end":{"line":518,"column":33}}]},"69":{"type":"branch","line":518,"loc":{"start":{"line":518,"column":33},"end":{"line":519,"column":22}},"locations":[{"start":{"line":518,"column":33},"end":{"line":519,"column":22}}]},"70":{"type":"branch","line":519,"loc":{"start":{"line":519,"column":17},"end":{"line":519,"column":32}},"locations":[{"start":{"line":519,"column":17},"end":{"line":519,"column":32}}]},"71":{"type":"branch","line":519,"loc":{"start":{"line":519,"column":32},"end":{"line":519,"column":47}},"locations":[{"start":{"line":519,"column":32},"end":{"line":519,"column":47}}]},"72":{"type":"branch","line":519,"loc":{"start":{"line":519,"column":39},"end":{"line":520,"column":23}},"locations":[{"start":{"line":519,"column":39},"end":{"line":520,"column":23}}]},"73":{"type":"branch","line":520,"loc":{"start":{"line":520,"column":17},"end":{"line":520,"column":33}},"locations":[{"start":{"line":520,"column":17},"end":{"line":520,"column":33}}]},"74":{"type":"branch","line":520,"loc":{"start":{"line":520,"column":33},"end":{"line":520,"column":47}},"locations":[{"start":{"line":520,"column":33},"end":{"line":520,"column":47}}]},"75":{"type":"branch","line":520,"loc":{"start":{"line":520,"column":40},"end":{"line":521,"column":32}},"locations":[{"start":{"line":520,"column":40},"end":{"line":521,"column":32}}]},"76":{"type":"branch","line":521,"loc":{"start":{"line":521,"column":32},"end":{"line":521,"column":47}},"locations":[{"start":{"line":521,"column":32},"end":{"line":521,"column":47}}]},"77":{"type":"branch","line":521,"loc":{"start":{"line":521,"column":39},"end":{"line":523,"column":5}},"locations":[{"start":{"line":521,"column":39},"end":{"line":523,"column":5}}]},"78":{"type":"branch","line":524,"loc":{"start":{"line":524,"column":4},"end":{"line":525,"column":15}},"locations":[{"start":{"line":524,"column":4},"end":{"line":525,"column":15}}]},"79":{"type":"branch","line":526,"loc":{"start":{"line":526,"column":4},"end":{"line":527,"column":15}},"locations":[{"start":{"line":526,"column":4},"end":{"line":527,"column":15}}]},"80":{"type":"branch","line":528,"loc":{"start":{"line":528,"column":4},"end":{"line":529,"column":29}},"locations":[{"start":{"line":528,"column":4},"end":{"line":529,"column":29}}]},"81":{"type":"branch","line":537,"loc":{"start":{"line":537,"column":0},"end":{"line":543,"column":1}},"locations":[{"start":{"line":537,"column":0},"end":{"line":543,"column":1}}]},"82":{"type":"branch","line":539,"loc":{"start":{"line":539,"column":28},"end":{"line":541,"column":3}},"locations":[{"start":{"line":539,"column":28},"end":{"line":541,"column":3}}]}},"b":{"0":[21],"1":[9],"2":[0],"3":[12],"4":[9],"5":[7],"6":[6],"7":[1],"8":[0],"9":[6],"10":[4],"11":[1],"12":[9],"13":[8],"14":[2],"15":[0],"16":[0],"17":[1],"18":[1],"19":[1],"20":[13],"21":[2],"22":[5],"23":[3],"24":[2],"25":[1],"26":[6],"27":[2],"28":[7],"29":[2],"30":[5],"31":[0],"32":[5],"33":[3],"34":[0],"35":[1],"36":[24],"37":[0],"38":[0],"39":[200],"40":[104],"41":[96],"42":[104],"43":[96],"44":[224],"45":[208],"46":[3],"47":[1],"48":[2],"49":[20],"50":[0],"51":[2],"52":[18],"53":[2],"54":[1],"55":[0],"56":[0],"57":[2],"58":[2],"59":[1],"60":[0],"61":[10],"62":[2],"63":[8],"64":[2],"65":[1],"66":[3],"67":[2],"68":[1],"69":[1],"70":[0],"71":[0],"72":[1],"73":[0],"74":[0],"75":[1],"76":[1],"77":[0],"78":[1],"79":[0],"80":[0],"81":[10],"82":[11]},"fnMap":{"0":{"name":"BrowserGame","decl":{"start":{"line":110,"column":2},"end":{"line":131,"column":3}},"loc":{"start":{"line":110,"column":2},"end":{"line":131,"column":3}},"line":110},"1":{"name":"start","decl":{"start":{"line":136,"column":2},"end":{"line":142,"column":3}},"loc":{"start":{"line":136,"column":2},"end":{"line":142,"column":3}},"line":136},"2":{"name":"getMode","decl":{"start":{"line":145,"column":2},"end":{"line":147,"column":3}},"loc":{"start":{"line":145,"column":2},"end":{"line":147,"column":3}},"line":145},"3":{"name":"getNetworkPlayerId","decl":{"start":{"line":150,"column":2},"end":{"line":152,"column":3}},"loc":{"start":{"line":150,"column":2},"end":{"line":152,"column":3}},"line":150},"4":{"name":"attachNetworkClient","decl":{"start":{"line":163,"column":2},"end":{"line":207,"column":3}},"loc":{"start":{"line":163,"column":2},"end":{"line":207,"column":3}},"line":163},"5":{"name":"client.onWelcome","decl":{"start":{"line":167,"column":23},"end":{"line":177,"column":6}},"loc":{"start":{"line":167,"column":23},"end":{"line":177,"column":6}},"line":167},"6":{"name":"client.onState","decl":{"start":{"line":179,"column":21},"end":{"line":198,"column":6}},"loc":{"start":{"line":179,"column":21},"end":{"line":198,"column":6}},"line":179},"7":{"name":"client.onClose","decl":{"start":{"line":200,"column":21},"end":{"line":206,"column":6}},"loc":{"start":{"line":200,"column":21},"end":{"line":206,"column":6}},"line":200},"8":{"name":"stop","decl":{"start":{"line":210,"column":2},"end":{"line":215,"column":3}},"loc":{"start":{"line":210,"column":2},"end":{"line":215,"column":3}},"line":210},"9":{"name":"pushAction","decl":{"start":{"line":218,"column":2},"end":{"line":226,"column":3}},"loc":{"start":{"line":218,"column":2},"end":{"line":226,"column":3}},"line":218},"10":{"name":"onEvent","decl":{"start":{"line":229,"column":2},"end":{"line":235,"column":3}},"loc":{"start":{"line":229,"column":2},"end":{"line":235,"column":3}},"line":229},"11":{"name":"getState","decl":{"start":{"line":238,"column":2},"end":{"line":240,"column":3}},"loc":{"start":{"line":238,"column":2},"end":{"line":240,"column":3}},"line":238},"12":{"name":"getLayout","decl":{"start":{"line":243,"column":2},"end":{"line":245,"column":3}},"loc":{"start":{"line":243,"column":2},"end":{"line":245,"column":3}},"line":243},"13":{"name":"getPlayerSnapshot","decl":{"start":{"line":248,"column":2},"end":{"line":262,"column":3}},"loc":{"start":{"line":248,"column":2},"end":{"line":262,"column":3}},"line":248},"14":{"name":"getEntities","decl":{"start":{"line":265,"column":2},"end":{"line":267,"column":3}},"loc":{"start":{"line":265,"column":2},"end":{"line":267,"column":3}},"line":265},"15":{"name":"getRecentEvents","decl":{"start":{"line":270,"column":2},"end":{"line":272,"column":3}},"loc":{"start":{"line":270,"column":2},"end":{"line":272,"column":3}},"line":270},"16":{"name":"getMapSize","decl":{"start":{"line":275,"column":2},"end":{"line":277,"column":3}},"loc":{"start":{"line":275,"column":2},"end":{"line":277,"column":3}},"line":275},"17":{"name":"reset","decl":{"start":{"line":280,"column":2},"end":{"line":303,"column":7}},"loc":{"start":{"line":280,"column":2},"end":{"line":303,"column":7}},"line":280},"18":{"name":"seedEntities","decl":{"start":{"line":306,"column":14},"end":{"line":370,"column":7}},"loc":{"start":{"line":306,"column":14},"end":{"line":370,"column":7}},"line":306},"19":{"name":"tick","decl":{"start":{"line":374,"column":10},"end":{"line":420,"column":3}},"loc":{"start":{"line":374,"column":10},"end":{"line":420,"column":3}},"line":374},"20":{"name":"computeAIActions","decl":{"start":{"line":433,"column":10},"end":{"line":479,"column":3}},"loc":{"start":{"line":433,"column":10},"end":{"line":479,"column":3}},"line":433},"21":{"name":"computeAutoPickup","decl":{"start":{"line":486,"column":10},"end":{"line":502,"column":3}},"loc":{"start":{"line":486,"column":10},"end":{"line":502,"column":3}},"line":486},"22":{"name":"actionToDiscrete","decl":{"start":{"line":514,"column":0},"end":{"line":531,"column":1}},"loc":{"start":{"line":514,"column":0},"end":{"line":531,"column":1}},"line":514},"23":{"name":"entitiesArrayToRecord","decl":{"start":{"line":537,"column":0},"end":{"line":543,"column":1}},"loc":{"start":{"line":537,"column":0},"end":{"line":543,"column":1}},"line":537}},"f":{"0":21,"1":7,"2":4,"3":1,"4":9,"5":8,"6":2,"7":1,"8":13,"9":5,"10":1,"11":6,"12":2,"13":7,"14":5,"15":0,"16":0,"17":3,"18":24,"19":0,"20":3,"21":1,"22":3,"23":10}}
}
