TN:
SF:server\bridge.ts
FN:1,(empty-report)
FNF:1
FNH:0
FNDA:0,(empty-report)
DA:1,0
DA:30,0
DA:31,0
DA:34,0
DA:36,0
DA:37,0
DA:38,0
DA:39,0
DA:40,0
DA:41,0
DA:42,0
DA:43,0
DA:44,0
DA:45,0
DA:46,0
DA:47,0
DA:48,0
DA:50,0
DA:51,0
DA:52,0
DA:53,0
DA:54,0
DA:55,0
DA:56,0
DA:57,0
DA:58,0
DA:59,0
DA:62,0
DA:63,0
DA:64,0
DA:65,0
DA:66,0
DA:67,0
DA:68,0
DA:69,0
DA:70,0
DA:71,0
DA:72,0
DA:73,0
DA:74,0
DA:75,0
DA:76,0
DA:77,0
DA:80,0
DA:81,0
DA:82,0
DA:83,0
DA:84,0
DA:85,0
DA:86,0
DA:87,0
DA:88,0
DA:89,0
DA:90,0
DA:91,0
DA:92,0
DA:93,0
DA:94,0
DA:103,0
DA:104,0
DA:105,0
DA:106,0
DA:107,0
DA:108,0
DA:109,0
DA:111,0
DA:112,0
DA:113,0
DA:114,0
DA:115,0
DA:116,0
DA:117,0
DA:118,0
DA:119,0
DA:120,0
DA:122,0
DA:123,0
DA:124,0
DA:125,0
DA:126,0
DA:128,0
DA:129,0
DA:130,0
DA:131,0
DA:132,0
DA:133,0
DA:134,0
DA:135,0
DA:147,0
DA:148,0
DA:149,0
DA:150,0
DA:151,0
DA:152,0
DA:153,0
DA:155,0
DA:156,0
DA:157,0
DA:158,0
DA:159,0
DA:161,0
DA:162,0
DA:163,0
DA:165,0
DA:166,0
DA:168,0
DA:170,0
DA:171,0
DA:172,0
DA:173,0
DA:174,0
DA:175,0
DA:176,0
DA:177,0
DA:179,0
DA:180,0
DA:181,0
DA:183,0
DA:184,0
DA:185,0
DA:186,0
DA:188,0
DA:189,0
DA:190,0
DA:191,0
DA:192,0
DA:195,0
DA:196,0
DA:198,0
DA:199,0
DA:200,0
DA:201,0
DA:202,0
DA:203,0
DA:204,0
DA:205,0
DA:206,0
DA:207,0
DA:209,0
DA:210,0
DA:211,0
DA:212,0
DA:213,0
DA:214,0
DA:215,0
DA:216,0
DA:217,0
DA:219,0
DA:220,0
DA:221,0
DA:222,0
DA:223,0
DA:224,0
DA:226,0
DA:227,0
DA:228,0
DA:229,0
DA:230,0
DA:231,0
DA:232,0
DA:233,0
DA:234,0
DA:236,0
DA:237,0
DA:238,0
DA:239,0
DA:240,0
DA:241,0
DA:243,0
DA:244,0
DA:245,0
DA:246,0
LF:172
LH:0
BRDA:1,0,0,0
BRF:1
BRH:0
end_of_record
TN:
SF:server\server.ts
FN:1,(empty-report)
FNF:1
FNH:0
FNDA:0,(empty-report)
DA:1,0
DA:21,0
DA:22,0
DA:23,0
DA:25,0
DA:27,0
DA:28,0
DA:29,0
DA:32,0
DA:35,0
DA:37,0
DA:38,0
DA:39,0
DA:40,0
DA:41,0
DA:42,0
DA:43,0
DA:44,0
DA:45,0
DA:46,0
DA:47,0
DA:48,0
DA:49,0
DA:50,0
DA:51,0
DA:52,0
DA:53,0
DA:54,0
DA:55,0
DA:56,0
DA:57,0
DA:58,0
DA:59,0
DA:61,0
DA:63,0
DA:64,0
DA:65,0
DA:66,0
DA:67,0
DA:68,0
DA:69,0
DA:70,0
DA:71,0
DA:78,0
DA:79,0
DA:80,0
DA:81,0
DA:82,0
DA:83,0
DA:85,0
DA:86,0
DA:87,0
DA:88,0
DA:89,0
DA:90,0
DA:92,0
DA:93,0
DA:94,0
DA:95,0
DA:96,0
DA:97,0
DA:98,0
DA:99,0
DA:100,0
DA:101,0
DA:102,0
DA:104,0
DA:105,0
DA:106,0
DA:107,0
DA:108,0
DA:109,0
DA:110,0
DA:111,0
DA:112,0
DA:113,0
DA:114,0
DA:115,0
DA:116,0
DA:118,0
DA:120,0
DA:121,0
DA:123,0
DA:124,0
DA:125,0
DA:127,0
DA:128,0
DA:130,0
DA:131,0
DA:132,0
DA:134,0
DA:135,0
DA:136,0
DA:137,0
DA:138,0
DA:139,0
DA:140,0
DA:141,0
DA:142,0
DA:143,0
DA:144,0
DA:145,0
DA:146,0
DA:147,0
DA:149,0
DA:150,0
DA:151,0
DA:152,0
DA:153,0
DA:154,0
DA:155,0
DA:156,0
DA:157,0
DA:158,0
DA:159,0
DA:160,0
DA:161,0
DA:162,0
DA:163,0
DA:165,0
DA:166,0
DA:167,0
DA:168,0
DA:169,0
DA:170,0
DA:172,0
DA:173,0
DA:174,0
DA:175,0
DA:176,0
DA:178,0
DA:179,0
DA:180,0
DA:181,0
DA:183,0
DA:184,0
DA:185,0
DA:188,0
DA:189,0
DA:190,0
DA:191,0
DA:192,0
DA:193,0
DA:194,0
DA:195,0
DA:196,0
DA:197,0
DA:198,0
DA:200,0
DA:201,0
DA:202,0
DA:203,0
DA:204,0
DA:205,0
DA:206,0
DA:207,0
DA:208,0
DA:209,0
DA:210,0
DA:212,0
DA:213,0
DA:214,0
DA:215,0
DA:216,0
DA:217,0
LF:165
LH:0
BRDA:1,0,0,0
BRF:1
BRH:0
end_of_record
TN:
SF:server\state.ts
FN:1,(empty-report)
FNF:1
FNH:0
FNDA:0,(empty-report)
DA:1,0
DA:35,0
DA:38,0
DA:40,0
DA:47,0
DA:49,0
DA:51,0
DA:53,0
DA:54,0
DA:56,0
DA:57,0
DA:58,0
DA:59,0
DA:71,0
DA:73,0
DA:76,0
DA:79,0
DA:80,0
DA:81,0
DA:82,0
DA:83,0
DA:84,0
DA:85,0
DA:86,0
DA:87,0
DA:88,0
DA:89,0
DA:90,0
DA:91,0
DA:92,0
DA:93,0
DA:94,0
DA:97,0
DA:98,0
DA:99,0
DA:101,0
DA:102,0
DA:103,0
DA:104,0
DA:105,0
DA:106,0
DA:107,0
DA:108,0
DA:109,0
DA:110,0
DA:111,0
DA:112,0
DA:113,0
DA:114,0
DA:115,0
DA:116,0
DA:117,0
DA:118,0
DA:119,0
DA:120,0
DA:123,0
DA:124,0
DA:125,0
DA:126,0
DA:127,0
DA:128,0
DA:130,0
DA:131,0
DA:132,0
DA:133,0
DA:134,0
DA:135,0
DA:136,0
DA:137,0
DA:138,0
DA:139,0
DA:140,0
DA:141,0
DA:142,0
DA:143,0
DA:144,0
DA:145,0
DA:146,0
DA:147,0
DA:148,0
DA:150,0
DA:151,0
DA:152,0
DA:153,0
DA:155,0
DA:156,0
DA:157,0
DA:161,0
DA:162,0
DA:163,0
DA:164,0
DA:167,0
DA:168,0
DA:169,0
DA:172,0
DA:173,0
DA:174,0
DA:175,0
DA:176,0
DA:177,0
DA:178,0
DA:179,0
DA:180,0
DA:181,0
DA:182,0
DA:183,0
DA:184,0
DA:185,0
DA:186,0
DA:187,0
DA:188,0
DA:189,0
DA:191,0
DA:192,0
DA:195,0
DA:196,0
DA:197,0
DA:198,0
DA:199,0
DA:201,0
DA:209,0
DA:213,0
DA:214,0
DA:215,0
DA:216,0
DA:217,0
DA:218,0
DA:219,0
DA:220,0
DA:221,0
DA:222,0
DA:225,0
DA:229,0
DA:230,0
DA:231,0
DA:232,0
DA:233,0
DA:234,0
DA:235,0
DA:238,0
DA:239,0
DA:240,0
DA:243,0
DA:244,0
DA:245,0
DA:248,0
DA:249,0
DA:250,0
DA:251,0
LF:149
LH:0
BRDA:1,0,0,0
BRF:1
BRH:0
end_of_record
TN:
SF:src\core\sim\combat.ts
FN:34,attackBuffBonus
FN:42,defenseBuffBonus
FN:58,resolveCombat
FNF:3
FNH:3
FNDA:1139,attackBuffBonus
FNDA:1139,defenseBuffBonus
FNDA:1140,resolveCombat
DA:1,1
DA:28,1
DA:29,1
DA:30,1
DA:31,1
DA:32,1
DA:34,1139
DA:35,1139
DA:36,1139
DA:37,0
DA:38,0
DA:39,1139
DA:40,1139
DA:42,1139
DA:43,1139
DA:44,1139
DA:45,0
DA:46,0
DA:47,1139
DA:48,1139
DA:58,1
DA:59,1140
DA:60,1140
DA:61,1140
DA:62,1140
DA:63,1140
DA:64,1140
DA:65,1140
DA:67,1140
DA:69,1140
DA:70,0
DA:71,0
DA:72,1140
DA:74,1
DA:75,1
DA:76,1140
DA:78,0
DA:79,0
DA:82,1139
DA:83,1139
DA:86,1139
DA:87,1139
DA:88,1139
DA:90,1140
DA:91,57
DA:92,57
DA:93,57
DA:94,57
DA:95,57
DA:96,57
DA:97,57
DA:98,57
DA:99,57
DA:102,1082
DA:103,1082
DA:104,1082
DA:105,1082
DA:108,1082
DA:109,1082
DA:110,1082
DA:111,1140
DA:114,1140
DA:115,1140
DA:116,1140
DA:117,1140
DA:118,1140
DA:120,1140
DA:121,1140
DA:122,1140
DA:123,1140
DA:124,1140
DA:125,1140
DA:126,1140
DA:127,1140
DA:128,116
DA:129,116
DA:130,116
DA:131,116
DA:132,116
DA:133,116
DA:134,116
DA:135,1140
DA:136,966
DA:137,966
DA:138,966
DA:139,966
DA:140,966
DA:141,966
DA:142,966
DA:143,966
DA:146,1082
DA:147,1082
DA:148,1140
DA:149,3
DA:150,3
DA:151,3
DA:152,3
DA:153,3
DA:154,3
DA:155,3
DA:156,3
DA:158,1082
DA:159,1082
DA:160,1082
DA:161,1082
DA:162,1082
LF:106
LH:98
BRDA:34,0,0,1139
BRDA:36,1,0,0
BRDA:42,2,0,1139
BRDA:44,3,0,0
BRDA:58,4,0,1140
BRDA:69,5,0,0
BRDA:72,6,0,1
BRDA:75,7,0,1139
BRDA:76,8,0,0
BRDA:79,9,0,1139
BRDA:90,10,0,57
BRDA:99,11,0,1082
BRDA:111,12,0,116
BRDA:111,13,0,966
BRDA:127,14,0,116
BRDA:135,15,0,966
BRDA:143,16,0,1082
BRDA:148,17,0,3
BRDA:148,18,0,3
BRDA:156,19,0,1082
BRF:20
BRH:16
end_of_record
TN:
SF:src\core\sim\encounters.ts
FN:42,eligibleSpecs
FN:55,generateEncounter
FNF:2
FNH:2
FNDA:24,eligibleSpecs
FNDA:24,generateEncounter
DA:1,1
DA:31,1
DA:32,1
DA:33,1
DA:34,1
DA:35,1
DA:36,1
DA:37,1
DA:42,24
DA:43,24
DA:44,24
DA:55,1
DA:56,24
DA:57,24
DA:58,24
DA:59,24
DA:60,24
DA:61,24
DA:62,0
DA:63,0
DA:66,24
DA:67,24
DA:68,24
DA:69,24
DA:70,24
DA:71,0
DA:72,0
DA:75,24
DA:76,24
DA:77,24
DA:78,24
DA:79,24
DA:80,24
DA:83,24
DA:84,24
DA:85,24
DA:88,24
DA:89,24
DA:90,24
DA:91,24
DA:92,24
DA:93,24
DA:94,24
DA:95,24
DA:96,24
DA:97,24
DA:98,24
DA:100,24
DA:101,24
LF:49
LH:45
BRDA:42,0,0,24
BRDA:43,1,0,120
BRDA:43,2,0,24
BRDA:55,3,0,24
BRDA:61,4,0,0
BRDA:70,5,0,0
BRF:6
BRH:4
end_of_record
TN:
SF:src\core\sim\items.ts
FN:91,getItemTemplate
FN:99,sumAffixes
FN:143,pickup
FNF:3
FNH:3
FNDA:16,getItemTemplate
FNDA:11,sumAffixes
FNDA:7,pickup
DA:24,1
DA:25,1
DA:26,1
DA:27,1
DA:28,1
DA:29,1
DA:30,1
DA:31,1
DA:32,1
DA:33,1
DA:34,1
DA:35,1
DA:36,1
DA:37,1
DA:38,1
DA:39,1
DA:40,1
DA:41,1
DA:42,1
DA:43,1
DA:44,1
DA:45,1
DA:46,1
DA:47,1
DA:48,1
DA:49,1
DA:50,1
DA:51,1
DA:52,1
DA:53,1
DA:54,1
DA:55,1
DA:56,1
DA:57,1
DA:58,1
DA:59,1
DA:60,1
DA:61,1
DA:62,1
DA:63,1
DA:64,1
DA:65,1
DA:66,1
DA:67,1
DA:68,1
DA:69,1
DA:70,1
DA:71,1
DA:72,1
DA:73,1
DA:74,1
DA:75,1
DA:76,1
DA:77,1
DA:78,1
DA:79,1
DA:80,1
DA:81,1
DA:82,1
DA:83,1
DA:84,1
DA:85,1
DA:86,1
DA:87,1
DA:88,1
DA:91,1
DA:92,16
DA:93,16
DA:99,1
DA:100,11
DA:101,11
DA:102,11
DA:103,11
DA:104,11
DA:105,11
DA:106,9
DA:107,9
DA:108,9
DA:109,9
DA:110,9
DA:111,10
DA:112,3
DA:113,1
DA:114,10
DA:115,9
DA:116,11
DA:117,11
DA:143,1
DA:144,7
DA:145,7
DA:146,7
DA:147,7
DA:148,7
DA:149,7
DA:151,7
DA:152,1
DA:153,1
DA:154,1
DA:155,1
DA:156,1
DA:157,7
DA:158,1
DA:159,1
DA:160,1
DA:161,1
DA:162,1
DA:163,7
DA:164,0
DA:165,0
DA:166,0
DA:167,0
DA:168,0
DA:169,5
DA:170,5
DA:171,7
DA:172,0
DA:173,0
DA:174,0
DA:175,0
DA:176,0
DA:179,5
DA:180,5
DA:181,7
DA:183,1
DA:184,1
DA:186,5
DA:187,5
DA:188,5
DA:189,5
DA:194,5
DA:195,5
DA:196,5
DA:197,5
DA:198,5
DA:200,5
DA:201,5
DA:202,5
DA:203,5
DA:204,5
DA:205,5
DA:206,5
DA:207,5
DA:208,5
DA:210,5
DA:211,5
DA:212,5
DA:214,5
DA:215,7
DA:216,1
DA:217,1
DA:218,1
DA:219,1
DA:220,1
DA:221,1
DA:222,1
DA:223,1
DA:224,5
DA:225,5
DA:226,5
DA:227,5
DA:228,5
DA:229,5
DA:230,5
DA:232,5
DA:233,5
DA:234,5
DA:235,5
DA:236,5
LF:168
LH:158
BRDA:91,0,0,16
BRDA:92,1,0,54
BRDA:99,2,0,11
BRDA:105,3,0,9
BRDA:107,4,0,0
BRDA:109,5,0,0
BRDA:110,6,0,10
BRDA:111,7,0,7
BRDA:111,8,0,3
BRDA:112,9,0,2
BRDA:112,10,0,1
BRDA:143,11,0,7
BRDA:151,12,0,1
BRDA:156,13,0,6
BRDA:157,14,0,5
BRDA:157,15,0,1
BRDA:162,16,0,5
BRDA:163,17,0,0
BRDA:168,18,0,5
BRDA:171,19,0,0
BRDA:176,20,0,5
BRDA:181,21,0,1
BRDA:184,22,0,5
BRDA:215,23,0,1
BRDA:223,24,0,5
BRF:25
BRH:21
end_of_record
TN:
SF:src\core\sim\movement.ts
FN:29,isWall
FN:37,blockerAt
FN:65,moveEntity
FNF:3
FNH:3
FNDA:7,isWall
FNDA:6,blockerAt
FNDA:10,moveEntity
DA:29,7
DA:30,7
DA:31,181
DA:32,181
DA:33,6
DA:34,6
DA:37,6
DA:38,6
DA:39,6
DA:40,6
DA:41,6
DA:42,6
DA:43,6
DA:44,9
DA:45,3
DA:46,9
DA:47,9
DA:49,9
DA:50,4
DA:51,4
DA:65,1
DA:66,10
DA:67,10
DA:68,10
DA:69,10
DA:70,10
DA:71,10
DA:72,10
DA:73,10
DA:74,0
DA:75,0
DA:77,10
DA:78,1
DA:79,1
DA:81,9
DA:82,9
DA:83,9
DA:84,9
DA:85,1
DA:86,1
DA:87,10
DA:88,1
DA:89,1
DA:91,8
DA:92,8
DA:95,10
DA:96,1
DA:97,1
DA:99,10
DA:100,1
DA:101,1
DA:103,10
DA:104,2
DA:105,2
DA:108,4
DA:109,4
DA:110,4
DA:111,4
DA:112,4
DA:113,4
DA:114,4
DA:115,4
DA:117,4
DA:118,4
DA:119,4
DA:120,4
DA:121,4
DA:122,4
DA:123,4
DA:124,4
DA:125,4
DA:127,4
DA:128,4
DA:129,4
DA:130,4
DA:131,4
LF:76
LH:74
BRDA:29,0,0,7
BRDA:30,1,0,181
BRDA:31,2,0,11
BRDA:31,3,0,1
BRDA:32,4,0,6
BRDA:37,5,0,6
BRDA:43,6,0,9
BRDA:44,7,0,6
BRDA:44,8,0,3
BRDA:46,9,0,0
BRDA:46,10,0,3
BRDA:47,11,0,2
BRDA:49,12,0,4
BRDA:65,13,0,10
BRDA:73,14,0,0
BRDA:77,15,0,1
BRDA:79,16,0,9
BRDA:84,17,0,1
BRDA:85,18,0,0
BRDA:85,19,0,1
BRDA:86,20,0,0
BRDA:87,21,0,1
BRDA:89,22,0,8
BRDA:95,23,0,7
BRDA:95,24,0,7
BRDA:95,25,0,7
BRDA:95,26,0,1
BRDA:97,27,0,7
BRDA:99,28,0,1
BRDA:101,29,0,6
BRDA:103,30,0,9
BRDA:103,31,0,2
BRDA:105,32,0,4
BRF:33
BRH:29
end_of_record
TN:
SF:src\core\sim\rng.ts
FN:19,seedFromString
FN:33,nextRand
FN:44,rand
FN:53,randInt
FN:69,chance
FN:77,pickOne
FNF:6
FNH:6
FNDA:18,seedFromString
FNDA:5265,nextRand
FNDA:5251,rand
FNDA:2846,randInt
FNDA:2261,chance
FNDA:20,pickOne
DA:19,1
DA:20,18
DA:21,18
DA:22,128
DA:24,128
DA:25,128
DA:26,18
DA:27,18
DA:33,1
DA:34,5265
DA:35,5265
DA:36,5265
DA:37,5265
DA:38,5265
DA:44,1
DA:45,5251
DA:46,5251
DA:47,5251
DA:53,1
DA:54,2846
DA:55,2846
DA:56,2846
DA:57,2846
DA:58,2846
DA:59,0
DA:60,0
DA:61,2846
DA:62,2846
DA:63,2846
DA:64,2846
DA:69,1
DA:70,2261
DA:71,2261
DA:72,2261
DA:77,1
DA:78,20
DA:79,20
DA:80,20
DA:81,20
DA:82,0
DA:83,0
DA:84,20
DA:85,20
DA:86,20
LF:44
LH:40
BRDA:19,0,0,18
BRDA:21,1,0,128
BRDA:33,2,0,5265
BRDA:44,3,0,5251
BRDA:53,4,0,2846
BRDA:58,5,0,0
BRDA:69,6,0,2261
BRDA:77,7,0,20
BRDA:81,8,0,0
BRF:9
BRH:7
end_of_record
TN:
SF:src\core\sim\tick.ts
FN:45,tick
FN:125,emptyState
FN:134,addEntity
FNF:3
FNH:3
FNDA:12,tick
FNDA:56,emptyState
FNDA:299,addEntity
DA:1,1
DA:45,1
DA:46,12
DA:47,12
DA:48,12
DA:49,12
DA:50,12
DA:51,12
DA:52,12
DA:53,12
DA:54,12
DA:55,12
DA:56,12
DA:58,12
DA:59,12
DA:60,9
DA:61,3
DA:63,12
DA:64,9
DA:65,9
DA:66,2
DA:67,2
DA:68,2
DA:69,2
DA:70,2
DA:71,2
DA:72,2
DA:73,2
DA:74,2
DA:75,2
DA:76,2
DA:77,9
DA:78,5
DA:79,5
DA:80,5
DA:81,5
DA:82,5
DA:83,9
DA:84,1
DA:85,1
DA:86,1
DA:87,1
DA:88,1
DA:89,9
DA:90,0
DA:91,0
DA:92,0
DA:93,0
DA:94,0
DA:95,0
DA:96,0
DA:97,0
DA:98,0
DA:99,9
DA:100,1
DA:101,1
DA:102,1
DA:103,1
DA:104,1
DA:105,1
DA:106,1
DA:107,1
DA:108,1
DA:109,9
DA:110,9
DA:113,12
DA:114,12
DA:115,12
DA:116,12
DA:117,12
DA:118,12
DA:119,12
DA:121,12
DA:122,12
DA:125,1
DA:126,56
DA:127,56
DA:128,56
DA:129,56
DA:130,56
DA:131,56
DA:134,1
DA:135,299
DA:136,299
DA:137,299
DA:138,299
DA:139,299
LF:87
LH:78
BRDA:45,0,0,12
BRDA:59,1,0,9
BRDA:60,2,0,3
BRDA:63,3,0,9
BRDA:65,4,0,2
BRDA:71,5,0,0
BRDA:77,6,0,5
BRDA:83,7,0,1
BRDA:89,8,0,0
BRDA:99,9,0,1
BRDA:125,10,0,56
BRDA:134,11,0,299
BRF:12
BRH:10
end_of_record
TN:
SF:src\core\sim\world.ts
FN:39,splitLeaf
FN:101,createRoom
FN:125,buildRooms
FN:131,walk
FN:148,roomCenter
FN:153,carveCorridor
FN:178,connectRooms
FN:187,findRoom
FN:211,worldGen
FNF:9
FNH:9
FNDA:638,splitLeaf
FNDA:336,createRoom
FNDA:34,buildRooms
FNDA:638,walk
FNDA:940,roomCenter
FNDA:302,carveCorridor
FNDA:638,connectRooms
FNDA:1000,findRoom
FNDA:34,worldGen
DA:1,1
DA:24,1
DA:25,1
DA:26,1
DA:27,1
DA:39,638
DA:40,638
DA:41,638
DA:42,638
DA:43,638
DA:44,638
DA:46,638
DA:47,638
DA:48,638
DA:49,336
DA:50,336
DA:53,302
DA:54,638
DA:56,90
DA:57,90
DA:58,90
DA:60,90
DA:61,638
DA:62,62
DA:63,212
DA:64,150
DA:65,150
DA:67,638
DA:68,126
DA:69,126
DA:70,126
DA:71,126
DA:72,126
DA:73,126
DA:74,126
DA:75,126
DA:76,126
DA:77,638
DA:78,176
DA:79,176
DA:80,176
DA:81,176
DA:82,176
DA:83,176
DA:84,176
DA:85,176
DA:86,176
DA:87,176
DA:90,302
DA:91,302
DA:92,302
DA:93,302
DA:94,302
DA:95,302
DA:97,302
DA:98,302
DA:101,336
DA:102,336
DA:103,336
DA:104,336
DA:105,336
DA:106,336
DA:107,336
DA:108,336
DA:109,336
DA:110,336
DA:111,336
DA:112,336
DA:113,336
DA:114,336
DA:115,336
DA:116,336
DA:117,336
DA:118,336
DA:119,336
DA:120,336
DA:121,336
DA:122,336
DA:125,34
DA:126,34
DA:127,34
DA:128,34
DA:129,34
DA:130,34
DA:131,34
DA:132,638
DA:134,336
DA:135,336
DA:136,336
DA:137,336
DA:138,638
DA:139,302
DA:140,302
DA:141,302
DA:142,638
DA:143,34
DA:144,34
DA:145,34
DA:148,940
DA:149,940
DA:150,940
DA:153,302
DA:154,302
DA:155,302
DA:156,302
DA:157,302
DA:158,302
DA:160,302
DA:161,302
DA:162,302
DA:163,2401
DA:164,2401
DA:165,2401
DA:166,2401
DA:168,302
DA:169,302
DA:170,302
DA:171,2448
DA:172,2448
DA:173,2448
DA:174,2448
DA:175,302
DA:178,638
DA:179,638
DA:180,638
DA:181,638
DA:182,638
DA:183,638
DA:184,638
DA:187,302
DA:188,1000
DA:189,396
DA:190,0
DA:192,0
DA:193,1000
DA:195,638
DA:196,302
DA:197,302
DA:198,302
DA:199,302
DA:200,302
DA:201,302
DA:202,302
DA:203,302
DA:204,638
DA:211,1
DA:213,34
DA:214,34
DA:216,34
DA:219,34
DA:220,34
DA:221,34
DA:222,34
DA:223,34
DA:224,34
DA:225,34
DA:226,34
DA:227,34
DA:230,34
DA:231,34
DA:234,34
DA:235,34
DA:236,34
DA:239,34
DA:240,0
DA:241,0
DA:242,0
DA:243,0
DA:244,0
DA:245,0
DA:246,0
DA:249,34
DA:250,34
DA:251,1370
DA:252,41334
DA:253,41334
DA:254,1370
DA:255,34
DA:258,34
DA:259,336
DA:260,2352
DA:261,13050
DA:262,13050
DA:263,13050
DA:264,13050
DA:265,2352
DA:266,336
DA:269,34
DA:272,34
DA:275,34
DA:276,34
DA:277,26824
DA:278,26824
DA:279,26824
DA:281,34
DA:282,34
LF:196
LH:187
BRDA:39,0,0,638
BRDA:48,1,0,610
BRDA:48,2,0,370
BRDA:48,3,0,336
BRDA:50,4,0,500
BRDA:50,5,0,302
BRDA:54,6,0,240
BRDA:54,7,0,90
BRDA:60,8,0,37
BRDA:61,9,0,212
BRDA:61,10,0,62
BRDA:63,11,0,150
BRDA:65,12,0,302
BRDA:67,13,0,126
BRDA:77,14,0,176
BRDA:87,15,0,302
BRDA:101,16,0,336
BRDA:125,17,0,34
BRDA:131,18,0,638
BRDA:132,19,0,336
BRDA:132,20,0,336
BRDA:138,21,0,302
BRDA:148,22,0,940
BRDA:153,23,0,302
BRDA:162,24,0,2401
BRDA:170,25,0,2448
BRDA:178,26,0,638
BRDA:184,27,0,336
BRDA:184,28,0,336
BRDA:184,29,0,302
BRDA:195,30,0,302
BRDA:187,31,0,1000
BRDA:188,32,0,604
BRDA:188,33,0,396
BRDA:189,34,0,0
BRDA:211,35,0,34
BRDA:239,36,0,0
BRDA:250,37,0,1370
BRDA:251,38,0,41334
BRDA:258,39,0,336
BRDA:259,40,0,2352
BRDA:260,41,0,13050
BRDA:276,42,0,26824
BRF:43
BRH:41
end_of_record
TN:
SF:src\hosts\browser\game.ts
FN:110,BrowserGame
FN:136,start
FN:145,getMode
FN:150,getNetworkPlayerId
FN:163,attachNetworkClient
FN:167,client.onWelcome
FN:179,client.onState
FN:200,client.onClose
FN:210,stop
FN:218,pushAction
FN:229,onEvent
FN:238,getState
FN:243,getLayout
FN:248,getPlayerSnapshot
FN:265,getEntities
FN:270,getRecentEvents
FN:275,getMapSize
FN:280,reset
FN:306,seedEntities
FN:374,tick
FN:433,computeAIActions
FN:486,computeAutoPickup
FN:514,actionToDiscrete
FN:537,entitiesArrayToRecord
FNF:24
FNH:21
FNDA:21,BrowserGame
FNDA:7,start
FNDA:4,getMode
FNDA:1,getNetworkPlayerId
FNDA:9,attachNetworkClient
FNDA:8,client.onWelcome
FNDA:2,client.onState
FNDA:1,client.onClose
FNDA:13,stop
FNDA:5,pushAction
FNDA:1,onEvent
FNDA:6,getState
FNDA:2,getLayout
FNDA:7,getPlayerSnapshot
FNDA:5,getEntities
FNDA:0,getRecentEvents
FNDA:0,getMapSize
FNDA:3,reset
FNDA:24,seedEntities
FNDA:0,tick
FNDA:3,computeAIActions
FNDA:1,computeAutoPickup
FNDA:3,actionToDiscrete
FNDA:10,entitiesArrayToRecord
DA:1,1
DA:74,1
DA:80,1
DA:83,1
DA:85,1
DA:87,1
DA:89,1
DA:92,1
DA:93,1
DA:96,1
DA:99,1
DA:102,1
DA:110,1
DA:111,21
DA:112,21
DA:113,21
DA:114,21
DA:115,21
DA:116,21
DA:119,21
DA:122,21
DA:125,21
DA:128,21
DA:129,9
DA:130,9
DA:131,21
DA:136,1
DA:137,7
DA:138,6
DA:139,6
DA:140,6
DA:141,6
DA:142,7
DA:145,1
DA:146,4
DA:147,4
DA:150,1
DA:151,1
DA:152,1
DA:163,1
DA:164,9
DA:165,9
DA:167,9
DA:168,8
DA:170,8
DA:171,8
DA:172,8
DA:173,8
DA:174,8
DA:175,8
DA:176,8
DA:177,8
DA:179,9
DA:180,2
DA:181,2
DA:182,2
DA:183,2
DA:184,2
DA:185,2
DA:186,2
DA:188,2
DA:189,0
DA:190,0
DA:191,0
DA:192,0
DA:194,2
DA:195,2
DA:196,1
DA:197,1
DA:198,2
DA:200,9
DA:201,1
DA:202,1
DA:203,1
DA:204,1
DA:205,1
DA:206,1
DA:207,9
DA:210,1
DA:211,13
DA:212,2
DA:213,2
DA:214,2
DA:215,13
DA:218,1
DA:219,5
DA:221,3
DA:222,3
DA:223,3
DA:224,3
DA:225,2
DA:226,5
DA:229,1
DA:230,1
DA:231,1
DA:232,0
DA:233,0
DA:234,0
DA:235,1
DA:238,1
DA:239,6
DA:240,6
DA:243,1
DA:244,2
DA:245,2
DA:248,1
DA:249,7
DA:250,7
DA:251,7
DA:252,7
DA:253,7
DA:254,7
DA:255,7
DA:256,7
DA:257,7
DA:258,7
DA:259,7
DA:260,7
DA:261,7
DA:262,7
DA:265,1
DA:266,5
DA:267,5
DA:270,1
DA:271,0
DA:272,0
DA:275,1
DA:276,0
DA:277,0
DA:280,1
DA:283,3
DA:284,0
DA:285,0
DA:286,0
DA:288,3
DA:289,3
DA:290,3
DA:291,3
DA:294,3
DA:295,3
DA:296,3
DA:298,3
DA:299,3
DA:300,3
DA:302,3
DA:303,3
DA:306,1
DA:307,24
DA:308,24
DA:309,24
DA:310,24
DA:311,24
DA:312,24
DA:313,24
DA:314,24
DA:315,24
DA:316,24
DA:317,24
DA:318,24
DA:319,24
DA:320,24
DA:321,24
DA:324,24
DA:325,24
DA:326,24
DA:327,24
DA:328,24
DA:329,24
DA:330,24
DA:331,24
DA:332,24
DA:333,24
DA:334,24
DA:335,24
DA:336,24
DA:337,24
DA:338,24
DA:339,24
DA:340,24
DA:341,24
DA:342,24
DA:343,24
DA:344,24
DA:347,24
DA:348,24
DA:349,24
DA:350,200
DA:351,200
DA:352,200
DA:353,200
DA:354,200
DA:355,200
DA:356,200
DA:357,200
DA:358,200
DA:359,200
DA:360,200
DA:361,200
DA:362,200
DA:363,200
DA:364,200
DA:365,200
DA:366,200
DA:367,200
DA:368,200
DA:369,200
DA:370,24
DA:374,1
DA:376,0
DA:378,0
DA:379,0
DA:380,0
DA:383,0
DA:386,0
DA:387,0
DA:388,0
DA:391,0
DA:394,0
DA:395,0
DA:398,0
DA:399,0
DA:400,0
DA:401,0
DA:402,0
DA:403,0
DA:404,0
DA:405,0
DA:406,0
DA:409,0
DA:410,0
DA:411,0
DA:412,0
DA:415,0
DA:416,0
DA:417,0
DA:418,0
DA:419,0
DA:420,0
DA:433,1
DA:434,3
DA:435,3
DA:437,2
DA:438,2
DA:439,2
DA:441,3
DA:442,20
DA:443,20
DA:445,2
DA:446,2
DA:447,2
DA:449,20
DA:451,1
DA:452,1
DA:453,1
DA:454,1
DA:455,1
DA:456,1
DA:459,1
DA:460,1
DA:461,1
DA:462,0
DA:463,0
DA:464,0
DA:465,0
DA:466,0
DA:467,1
DA:468,1
DA:469,1
DA:470,1
DA:471,1
DA:472,1
DA:473,1
DA:474,1
DA:475,2
DA:476,2
DA:478,2
DA:479,3
DA:486,1
DA:487,1
DA:488,1
DA:490,1
DA:491,1
DA:492,10
DA:493,10
DA:494,1
DA:495,1
DA:496,1
DA:497,1
DA:498,1
DA:499,1
DA:500,10
DA:501,1
DA:502,1
DA:503,1
DA:514,3
DA:515,3
DA:516,3
DA:517,2
DA:518,2
DA:519,2
DA:520,2
DA:521,2
DA:522,0
DA:523,0
DA:524,3
DA:525,1
DA:526,3
DA:527,0
DA:528,3
DA:529,0
DA:530,3
DA:531,3
DA:537,10
DA:538,10
DA:539,10
DA:540,11
DA:541,11
DA:542,10
DA:543,10
LF:319
LH:266
BRDA:110,0,0,21
BRDA:112,1,0,9
BRDA:114,2,0,0
BRDA:115,3,0,12
BRDA:128,4,0,9
BRDA:136,5,0,7
BRDA:137,6,0,6
BRDA:137,7,0,1
BRDA:138,8,0,0
BRDA:138,9,0,6
BRDA:145,10,0,4
BRDA:150,11,0,1
BRDA:163,12,0,9
BRDA:167,13,0,8
BRDA:179,14,0,2
BRDA:180,15,0,0
BRDA:188,16,0,0
BRDA:195,17,0,1
BRDA:195,18,0,1
BRDA:200,19,0,1
BRDA:210,20,0,13
BRDA:211,21,0,2
BRDA:218,22,0,5
BRDA:219,23,0,3
BRDA:224,24,0,2
BRDA:229,25,0,1
BRDA:238,26,0,6
BRDA:243,27,0,2
BRDA:248,28,0,7
BRDA:249,29,0,2
BRDA:249,30,0,5
BRDA:251,31,0,0
BRDA:265,32,0,5
BRDA:280,33,0,3
BRDA:283,34,0,0
BRDA:288,35,0,1
BRDA:306,36,0,24
BRDA:307,37,0,0
BRDA:328,38,0,0
BRDA:349,39,0,200
BRDA:361,40,0,104
BRDA:361,41,0,96
BRDA:362,42,0,104
BRDA:362,43,0,96
BRDA:353,44,0,224
BRDA:354,45,0,208
BRDA:433,46,0,3
BRDA:435,47,0,1
BRDA:435,48,0,2
BRDA:441,49,0,20
BRDA:442,50,0,0
BRDA:443,51,0,2
BRDA:443,52,0,18
BRDA:443,53,0,2
BRDA:449,54,0,1
BRDA:461,55,0,0
BRDA:461,56,0,0
BRDA:474,57,0,2
BRDA:476,58,0,2
BRDA:486,59,0,1
BRDA:488,60,0,0
BRDA:491,61,0,10
BRDA:492,62,0,2
BRDA:492,63,0,8
BRDA:493,64,0,2
BRDA:493,65,0,1
BRDA:514,66,0,3
BRDA:516,67,0,2
BRDA:518,68,0,1
BRDA:518,69,0,1
BRDA:519,70,0,0
BRDA:519,71,0,0
BRDA:519,72,0,1
BRDA:520,73,0,0
BRDA:520,74,0,0
BRDA:520,75,0,1
BRDA:521,76,0,1
BRDA:521,77,0,0
BRDA:524,78,0,1
BRDA:526,79,0,0
BRDA:528,80,0,0
BRDA:537,81,0,10
BRDA:539,82,0,11
BRF:83
BRH:64
end_of_record
